221009 113449.288|CONFIG|qtp1683662486-65|setFileHandlers|Now logging to C:\xampp\htdocs\WebTeamInterface-1.1\logs directory.
221009 113449.293|INFO|qtp1683662486-65|info|
221009 113449.293|INFO|qtp1683662486-65|info|Version 9 () Java ver 11.0.2 build  Windows 10 10.0 (amd64) 
221009 113449.293|INFO|qtp1683662486-65|startLog|Working directory is C:\xampp\htdocs\WebTeamInterface-1.1
221009 113449.302|INFO|qtp1683662486-65|startLog|Process id is 16464@DESKTOP-GE25NLQ
221009 113449.303|INFO|qtp1683662486-65|start|Starting ConnectionManager...
221009 113449.303|INFO|qtp1683662486-65|start|Started ConnectionManager
221009 113449.327|INFO|qtp1683662486-65|setClientServerAndPort|INIFile File location: file:/C:/xampp/htdocs/WebTeamInterface-1.1/pc2v9.ini
221009 113449.327|INFO|qtp1683662486-65|setClientServerAndPort|setClientServerAndPort 34.204.53.97 parsed as 34.204.53.97 port 50002
221009 113449.329|INFO|qtp1683662486-65|info|Contacting server at 34.204.53.97:50002
221009 113449.330|INFO|qtp1683662486-65|connectToMyServer|Connecting to 34.204.53.97:50002
221009 120810.775|INFO|Thread-48|receive|EOFException in receive for Socket[addr=/34.204.53.97,port=50002,localport=51382]--9185100206505281601
|java.io.EOFException: null
|    at java.io.ObjectInputStream$BlockDataInputStream.peekByte (ObjectInputStream.java:3062)
|    at java.io.ObjectInputStream.readObject0 (ObjectInputStream.java:1561)
|    at java.io.ObjectInputStream.readObject (ObjectInputStream.java:430)
|    at edu.csus.ecs.pc2.core.transport.ConnectionHandlerThread.receive (ConnectionHandlerThread.java:152)
|    at edu.csus.ecs.pc2.core.transport.ConnectionHandlerClientThread.run (ConnectionHandlerClientThread.java:66)
221009 120810.794|FINER|Thread-48|run|THROW
|edu.csus.ecs.pc2.core.transport.TransportException: null
|    at edu.csus.ecs.pc2.core.transport.ConnectionHandlerThread.receive (ConnectionHandlerThread.java:159)
|    at edu.csus.ecs.pc2.core.transport.ConnectionHandlerClientThread.run (ConnectionHandlerClientThread.java:66)
221009 120810.794|FINER|Thread-48|run - e.getmessage is null()|THROW
|edu.csus.ecs.pc2.core.transport.TransportException: null
|    at edu.csus.ecs.pc2.core.transport.ConnectionHandlerThread.receive (ConnectionHandlerThread.java:159)
|    at edu.csus.ecs.pc2.core.transport.ConnectionHandlerClientThread.run (ConnectionHandlerClientThread.java:66)
