221009 002009.072|CONFIG|qtp657736958-24|setFileHandlers|Now logging to C:\xampp\htdocs\WebTeamInterface-1.1\logs directory.
221009 002009.073|INFO|qtp657736958-24|info|
221009 002009.073|INFO|qtp657736958-24|info|Version 9 () Java ver 11.0.2 build  Windows 10 10.0 (amd64) 
221009 002009.073|INFO|qtp657736958-24|startLog|Working directory is C:\xampp\htdocs\WebTeamInterface-1.1
221009 002009.074|INFO|qtp657736958-24|startLog|Process id is 15640@DESKTOP-GE25NLQ
221009 002009.074|INFO|qtp657736958-24|start|Starting ConnectionManager...
221009 002009.075|INFO|qtp657736958-24|start|Started ConnectionManager
221009 002009.079|INFO|qtp657736958-24|setClientServerAndPort|INIFile File location: file:/C:/xampp/htdocs/WebTeamInterface-1.1/pc2v9.ini
221009 002009.080|INFO|qtp657736958-24|setClientServerAndPort|setClientServerAndPort 34.204.53.97 parsed as 34.204.53.97 port 50002
221009 002009.080|INFO|qtp657736958-24|info|Contacting server at 34.204.53.97:50002
221009 002009.080|INFO|qtp657736958-24|connectToMyServer|Connecting to 34.204.53.97:50002
221009 003808.988|INFO|Thread-37|receive|EOFException in receive for Socket[addr=/34.204.53.97,port=50002,localport=62689]--417260688693537134
|java.io.EOFException: null
|    at java.io.ObjectInputStream$BlockDataInputStream.peekByte (ObjectInputStream.java:3062)
|    at java.io.ObjectInputStream.readObject0 (ObjectInputStream.java:1561)
|    at java.io.ObjectInputStream.readObject (ObjectInputStream.java:430)
|    at edu.csus.ecs.pc2.core.transport.ConnectionHandlerThread.receive (ConnectionHandlerThread.java:152)
|    at edu.csus.ecs.pc2.core.transport.ConnectionHandlerClientThread.run (ConnectionHandlerClientThread.java:66)
221009 003808.989|FINER|Thread-37|run|THROW
|edu.csus.ecs.pc2.core.transport.TransportException: null
|    at edu.csus.ecs.pc2.core.transport.ConnectionHandlerThread.receive (ConnectionHandlerThread.java:159)
|    at edu.csus.ecs.pc2.core.transport.ConnectionHandlerClientThread.run (ConnectionHandlerClientThread.java:66)
221009 003808.989|FINER|Thread-37|run - e.getmessage is null()|THROW
|edu.csus.ecs.pc2.core.transport.TransportException: null
|    at edu.csus.ecs.pc2.core.transport.ConnectionHandlerThread.receive (ConnectionHandlerThread.java:159)
|    at edu.csus.ecs.pc2.core.transport.ConnectionHandlerClientThread.run (ConnectionHandlerClientThread.java:66)
