221009 040647.538|CONFIG|qtp1683662486-19|setFileHandlers|Now logging to C:\xampp\htdocs\WebTeamInterface-1.1\logs directory.
221009 040647.538|INFO|qtp1683662486-19|info|
221009 040647.542|INFO|qtp1683662486-19|info|Version 9 () Java ver 11.0.2 build  Windows 10 10.0 (amd64) 
221009 040647.544|INFO|qtp1683662486-19|startLog|Working directory is C:\xampp\htdocs\WebTeamInterface-1.1
221009 040647.549|INFO|qtp1683662486-19|startLog|Process id is 16464@DESKTOP-GE25NLQ
221009 040647.549|INFO|qtp1683662486-19|start|Starting ConnectionManager...
221009 040647.555|INFO|qtp1683662486-19|start|Started ConnectionManager
221009 040647.559|INFO|qtp1683662486-19|setClientServerAndPort|INIFile File location: file:/C:/xampp/htdocs/WebTeamInterface-1.1/pc2v9.ini
221009 040647.560|INFO|qtp1683662486-19|setClientServerAndPort|setClientServerAndPort 34.204.53.97 parsed as 34.204.53.97 port 50002
221009 040647.560|INFO|qtp1683662486-19|info|Contacting server at 34.204.53.97:50002
221009 040647.561|INFO|qtp1683662486-19|connectToMyServer|Connecting to 34.204.53.97:50002
221009 113255.895|INFO|Thread-41|receive|SocketException in receive for Socket[addr=/34.204.53.97,port=50002,localport=50956]--3681669520168717349
|java.net.SocketException: Software caused connection abort: recv failed
|    at java.net.SocketInputStream.socketRead0 (SocketInputStream.java:-2)
|    at java.net.SocketInputStream.socketRead (SocketInputStream.java:115)
|    at java.net.SocketInputStream.read (SocketInputStream.java:168)
|    at java.net.SocketInputStream.read (SocketInputStream.java:140)
|    at java.net.SocketInputStream.read (SocketInputStream.java:200)
|    at java.io.ObjectInputStream$PeekInputStream.peek (ObjectInputStream.java:2723)
|    at java.io.ObjectInputStream$BlockDataInputStream.peek (ObjectInputStream.java:3050)
|    at java.io.ObjectInputStream$BlockDataInputStream.peekByte (ObjectInputStream.java:3060)
|    at java.io.ObjectInputStream.readObject0 (ObjectInputStream.java:1561)
|    at java.io.ObjectInputStream.readObject (ObjectInputStream.java:430)
|    at edu.csus.ecs.pc2.core.transport.ConnectionHandlerThread.receive (ConnectionHandlerThread.java:152)
|    at edu.csus.ecs.pc2.core.transport.ConnectionHandlerClientThread.run (ConnectionHandlerClientThread.java:66)
221009 113255.910|FINER|Thread-41|run|THROW
|edu.csus.ecs.pc2.core.transport.TransportException: Software caused connection abort: recv failed
|    at edu.csus.ecs.pc2.core.transport.ConnectionHandlerThread.receive (ConnectionHandlerThread.java:156)
|    at edu.csus.ecs.pc2.core.transport.ConnectionHandlerClientThread.run (ConnectionHandlerClientThread.java:66)
221009 113255.910|INFO|Thread-41|receive|SocketException in receive for Socket[addr=/34.204.53.97,port=50002,localport=50956]--3681669520168717349
|java.net.SocketException: Connection reset
|    at java.net.SocketInputStream.read (SocketInputStream.java:186)
|    at java.net.SocketInputStream.read (SocketInputStream.java:140)
|    at java.net.SocketInputStream.read (SocketInputStream.java:200)
|    at java.io.ObjectInputStream$PeekInputStream.peek (ObjectInputStream.java:2723)
|    at java.io.ObjectInputStream$BlockDataInputStream.peek (ObjectInputStream.java:3050)
|    at java.io.ObjectInputStream$BlockDataInputStream.peekByte (ObjectInputStream.java:3060)
|    at java.io.ObjectInputStream.readObject0 (ObjectInputStream.java:1561)
|    at java.io.ObjectInputStream.readObject (ObjectInputStream.java:430)
|    at edu.csus.ecs.pc2.core.transport.ConnectionHandlerThread.receive (ConnectionHandlerThread.java:152)
|    at edu.csus.ecs.pc2.core.transport.ConnectionHandlerClientThread.run (ConnectionHandlerClientThread.java:66)
221009 113255.910|FINER|Thread-41|run|THROW
|edu.csus.ecs.pc2.core.transport.TransportException: Connection reset
|    at edu.csus.ecs.pc2.core.transport.ConnectionHandlerThread.receive (ConnectionHandlerThread.java:156)
|    at edu.csus.ecs.pc2.core.transport.ConnectionHandlerClientThread.run (ConnectionHandlerClientThread.java:66)
