221009 032723.071|CONFIG|qtp1683662486-25|setFileHandlers|Now logging to C:\xampp\htdocs\WebTeamInterface-1.1\logs directory.
221009 032723.072|INFO|qtp1683662486-25|info|
221009 032723.075|INFO|qtp1683662486-25|info|Version 9 () Java ver 11.0.2 build  Windows 10 10.0 (amd64) 
221009 032723.076|INFO|qtp1683662486-25|startLog|Working directory is C:\xampp\htdocs\WebTeamInterface-1.1
221009 032723.079|INFO|qtp1683662486-25|startLog|Process id is 16464@DESKTOP-GE25NLQ
221009 032723.079|INFO|qtp1683662486-25|start|Starting ConnectionManager...
221009 032723.094|INFO|qtp1683662486-25|start|Started ConnectionManager
221009 032723.098|INFO|qtp1683662486-25|setClientServerAndPort|INIFile File location: file:/C:/xampp/htdocs/WebTeamInterface-1.1/pc2v9.ini
221009 032723.099|INFO|qtp1683662486-25|setClientServerAndPort|setClientServerAndPort 34.204.53.97 parsed as 34.204.53.97 port 50002
221009 032723.099|INFO|qtp1683662486-25|info|Contacting server at 34.204.53.97:50002
221009 032723.099|INFO|qtp1683662486-25|connectToMyServer|Connecting to 34.204.53.97:50002
221009 040648.185|INFO|Thread-22|receive|EOFException in receive for Socket[addr=/34.204.53.97,port=50002,localport=49372]--4474202739905149952
|java.io.EOFException: null
|    at java.io.ObjectInputStream$BlockDataInputStream.peekByte (ObjectInputStream.java:3062)
|    at java.io.ObjectInputStream.readObject0 (ObjectInputStream.java:1561)
|    at java.io.ObjectInputStream.readObject (ObjectInputStream.java:430)
|    at edu.csus.ecs.pc2.core.transport.ConnectionHandlerThread.receive (ConnectionHandlerThread.java:152)
|    at edu.csus.ecs.pc2.core.transport.ConnectionHandlerClientThread.run (ConnectionHandlerClientThread.java:66)
221009 040648.192|FINER|Thread-22|run|THROW
|edu.csus.ecs.pc2.core.transport.TransportException: null
|    at edu.csus.ecs.pc2.core.transport.ConnectionHandlerThread.receive (ConnectionHandlerThread.java:159)
|    at edu.csus.ecs.pc2.core.transport.ConnectionHandlerClientThread.run (ConnectionHandlerClientThread.java:66)
221009 040648.193|FINER|Thread-22|run - e.getmessage is null()|THROW
|edu.csus.ecs.pc2.core.transport.TransportException: null
|    at edu.csus.ecs.pc2.core.transport.ConnectionHandlerThread.receive (ConnectionHandlerThread.java:159)
|    at edu.csus.ecs.pc2.core.transport.ConnectionHandlerClientThread.run (ConnectionHandlerClientThread.java:66)
