221009 001929.603|CONFIG|Thread-2|setFileHandlers|Now logging to C:\xampp\htdocs\WebTeamInterface-1.1\logs directory.
221009 001929.603|INFO|Thread-2|info|
221009 001929.604|INFO|Thread-2|info|Version 9 () Java ver 11.0.2 build  Windows 10 10.0 (amd64) 
221009 001929.604|INFO|Thread-2|info|Login: scoreboard2 (aka scoreboard2)
221009 001929.604|INFO|Thread-2|startLog|Working directory is C:\xampp\htdocs\WebTeamInterface-1.1
221009 001929.605|INFO|Thread-2|startLog|Process id is 15640@DESKTOP-GE25NLQ
221009 001929.605|INFO|Thread-2|info| handlePacket original LOGIN_SUCCESS after -- all settings loaded 
221009 001929.606|INFO|Thread-2|info|handlePacket end Packet[LOGIN_SUCCESS] #21 SERVER0 @ site 1 -> SCOREBOARD2 @ site 1
221009 001929.607|INFO|Thread-2|info| receiveObject(S) end   got Packet[LOGIN_SUCCESS] #21 SERVER0 @ site 1 -> SCOREBOARD2 @ site 1
221009 001929.723|INFO|main|sendToLocalServer|Sending packet to server Packet[LOGOUT] #2 SCOREBOARD2 @ site 1 -> SERVER0 @ site 1
221009 001929.724|INFO|main|sendToLocalServer|Sent    packet to server Packet[LOGOUT] #2 SCOREBOARD2 @ site 1 -> SERVER0 @ site 1
221009 032701.898|CONFIG|Thread-2|setFileHandlers|Now logging to C:\xampp\htdocs\WebTeamInterface-1.1\logs directory.
221009 032701.899|INFO|Thread-2|info|
221009 032701.902|INFO|Thread-2|info|Version 9 () Java ver 11.0.2 build  Windows 10 10.0 (amd64) 
221009 032701.903|INFO|Thread-2|info|Login: scoreboard2 (aka scoreboard2)
221009 032701.903|INFO|Thread-2|startLog|Working directory is C:\xampp\htdocs\WebTeamInterface-1.1
221009 032701.904|INFO|Thread-2|startLog|Process id is 16464@DESKTOP-GE25NLQ
221009 032701.904|INFO|Thread-2|info| handlePacket original LOGIN_SUCCESS after -- all settings loaded 
221009 032701.904|INFO|Thread-2|info|handlePacket end Packet[LOGIN_SUCCESS] #51 SERVER0 @ site 1 -> SCOREBOARD2 @ site 1
221009 032701.905|INFO|Thread-2|info| receiveObject(S) end   got Packet[LOGIN_SUCCESS] #51 SERVER0 @ site 1 -> SCOREBOARD2 @ site 1
221009 032702.019|INFO|main|sendToLocalServer|Sending packet to server Packet[LOGOUT] #2 SCOREBOARD2 @ site 1 -> SERVER0 @ site 1
221009 032702.024|INFO|main|sendToLocalServer|Sent    packet to server Packet[LOGOUT] #2 SCOREBOARD2 @ site 1 -> SERVER0 @ site 1
221009 032725.894|CONFIG|Thread-40|setFileHandlers|Now logging to C:\xampp\htdocs\WebTeamInterface-1.1\logs directory.
221009 032725.896|INFO|Thread-40|info|
221009 032725.906|INFO|Thread-40|info|Version 9 () Java ver 11.0.2 build  Windows 10 10.0 (amd64) 
221009 032725.930|INFO|Thread-40|info|Login: scoreboard2 (aka scoreboard2)
221009 032725.932|INFO|Thread-40|startLog|Working directory is C:\xampp\htdocs\WebTeamInterface-1.1
221009 032725.934|INFO|Thread-40|startLog|Process id is 16464@DESKTOP-GE25NLQ
221009 032725.935|INFO|Thread-40|info| handlePacket original LOGIN_SUCCESS after -- all settings loaded 
221009 032725.936|INFO|Thread-40|info|handlePacket end Packet[LOGIN_SUCCESS] #59 SERVER0 @ site 1 -> SCOREBOARD2 @ site 1
221009 032725.943|INFO|Thread-40|info| receiveObject(S) end   got Packet[LOGIN_SUCCESS] #59 SERVER0 @ site 1 -> SCOREBOARD2 @ site 1
