221009 130527.668|CONFIG|qtp1683662486-71|setFileHandlers|Now logging to C:\xampp\htdocs\WebTeamInterface-1.1\logs directory.
221009 130527.669|INFO|qtp1683662486-71|info|
221009 130527.672|INFO|qtp1683662486-71|info|Version 9 () Java ver 11.0.2 build  Windows 10 10.0 (amd64) 
221009 130527.675|INFO|qtp1683662486-71|info|Login: team1 (aka team1)
221009 130527.675|INFO|qtp1683662486-71|startLog|Working directory is C:\xampp\htdocs\WebTeamInterface-1.1
221009 130527.676|INFO|qtp1683662486-71|startLog|Process id is 16464@DESKTOP-GE25NLQ
221009 130527.678|INFO|qtp1683662486-71|info|Contacting server at 34.204.53.97:50002 as TEAM1 @ site 0
221009 130527.680|INFO|qtp1683662486-71|info|sendLoginRequest start - sending from TEAM1 @ site 0
221009 130527.680|INFO|qtp1683662486-71|sendToLocalServer|Sending packet to server Packet[LOGIN_REQUEST] #10 TEAM1 @ site 0 -> SERVER0 @ site 0
221009 130527.680|INFO|qtp1683662486-71|sendToLocalServer|Sent    packet to server Packet[LOGIN_REQUEST] #10 TEAM1 @ site 0 -> SERVER0 @ site 0
221009 130527.682|INFO|qtp1683662486-71|info|sendLoginRequest end - packet sent.
221009 130527.681|INFO|Thread-66|run|send(Serializable)
221009 130528.054|INFO|Thread-65|receiveUnencrypted|receiveUnencrypted(TransportWrapper, ConnectionHandlerID=Socket[addr=/34.204.53.97,port=50002,localport=54095]--2054316947045294788)
221009 130528.061|INFO|Thread-65|receiveUnencrypted|receiveUnencrypted Made a secret key for Socket[addr=/34.204.53.97,port=50002,localport=54095]--2054316947045294788 key is com.sun.crypto.provider.DESKey@18454
221009 130528.062|INFO|Thread-65|getPublicKeyPacket|Generating Unencrypted Public Key Packet
221009 130528.065|INFO|Thread-65|getPublicKeyPacket|checking key:= SunJCE Diffie-Hellman Public Key:
y:
    bb7d034b ff97a72b a7875990 ed447444 2c102a5b 3a6476fd 7d867ac8 17415991
    b9826ab6 49372046 1429cf9c be69085f bdb76216 f03dd9c9 fde01bf6 3680ae3f
    60a1ae14 2d0cb8f5 dc98053c b88bdee3 f8a94ba8 d9794aef c9d8ed81 2c2a584f
    a169f216 150c9394 d0a9c4eb f166949d beca1740 b38b2e12 d7b7ecb4 29e8e109
p:
    f488fd58 4e49dbcd 20b49de4 9107366b 336c380d 451d0f7c 88b31c7c 5b2d8ef6
    f3c923c0 43f0a55b 188d8ebb 558cb85d 38d334fd 7c175743 a31d186c de33212c
    b52aff3c e1b12940 18118d7c 84a70a72 d686c403 19c80729 7aca950c d9969fab
    d00a509b 0246d308 3d66a45d 419f9c7c bd894b22 1926baab a25ec355 e92f78c7
g:
    02
l:
    512
221009 130528.065|INFO|Thread-65|getPublicKeyPacket|packet:= edu.csus.ecs.pc2.core.transport.TransportWrapper@17ec4824
221009 130528.430|INFO|Thread-65|receive|public void receive(SealedObject TransportPacket, ConnectionHandlerID connectionHandlerID)
221009 130528.454|INFO|Thread-67|info| receiveObject(S) start got Packet[LOGIN_SUCCESS] #34 SERVER0 @ site 1 -> TEAM1 @ site 1
221009 130528.456|INFO|Thread-67|dumpPacket|Packet LOGIN_SUCCESS (Seq #34, o#34 ) recieveObject
221009 130528.456|INFO|Thread-67|dumpPacket|  From: SERVER0 @ site 1, oSERVER0 @ site 1 (ip-172-31-31-35 @ 172.31.31.35) (Contest Id: Default--6269634638092490708)
221009 130528.457|INFO|Thread-67|dumpPacket|    To: TEAM1 @ site 1
221009 130528.457|INFO|Thread-67|dumpPacket|   key: PROFILE_LIST is: [Ledu.csus.ecs.pc2.core.model.Profile; [Ledu.csus.ecs.pc2.core.model.Profile;@596a34f5
221009 130528.457|INFO|Thread-67|dumpPacket|   key: GENERAL_PROBLEM is: edu.csus.ecs.pc2.core.model.Problem General
221009 130528.457|INFO|Thread-67|dumpPacket|   key: CONTEST_TIME is: edu.csus.ecs.pc2.core.model.ContestTime edu.csus.ecs.pc2.core.model.ContestTime@57add1a8
221009 130528.457|INFO|Thread-67|dumpPacket|   key: CLIENT_SETTINGS_LIST is: [Ledu.csus.ecs.pc2.core.model.ClientSettings; [Ledu.csus.ecs.pc2.core.model.ClientSettings;@53925f85
221009 130528.457|INFO|Thread-67|dumpPacket|   key: CLARIFICATION_LIST is: [Ledu.csus.ecs.pc2.core.model.Clarification; [Ledu.csus.ecs.pc2.core.model.Clarification;@1690db93
221009 130528.458|INFO|Thread-67|dumpPacket|   key: CATEGORY_LIST is: [Ledu.csus.ecs.pc2.core.model.Category; [Ledu.csus.ecs.pc2.core.model.Category;@1ed58828
221009 130528.458|INFO|Thread-67|dumpPacket|   key: LANGUAGE_LIST is: [Ledu.csus.ecs.pc2.core.model.Language; [Ledu.csus.ecs.pc2.core.model.Language;@27cc2acb
221009 130528.458|INFO|Thread-67|dumpPacket|   key: REMOTE_LOGGED_IN_USERS is: [Ledu.csus.ecs.pc2.core.model.ClientId; [Ledu.csus.ecs.pc2.core.model.ClientId;@666327c0
221009 130528.458|INFO|Thread-67|dumpPacket|   key: CONTEST_TIME_LIST is: [Ledu.csus.ecs.pc2.core.model.ContestTime; [Ledu.csus.ecs.pc2.core.model.ContestTime;@76bf24dc
221009 130528.459|INFO|Thread-67|dumpPacket|   key: CONNECTION_HANDLE_ID_LIST is: [Ledu.csus.ecs.pc2.core.transport.ConnectionHandlerID; [Ledu.csus.ecs.pc2.core.transport.ConnectionHandlerID;@441966eb
221009 130528.460|INFO|Thread-67|dumpPacket|   key: PROFILE is: edu.csus.ecs.pc2.core.model.Profile Default--6269634638092490708
221009 130528.461|INFO|Thread-67|dumpPacket|   key: CLIENT_ID is: edu.csus.ecs.pc2.core.model.ClientId TEAM1 @ site 1
221009 130528.461|INFO|Thread-67|dumpPacket|   key: SITE_NUMBER is: java.lang.Integer 1
221009 130528.461|INFO|Thread-67|dumpPacket|   key: CONTEST_INFORMATION is: edu.csus.ecs.pc2.core.model.ContestInformation edu.csus.ecs.pc2.core.model.ContestInformation@24596d1
221009 130528.461|INFO|Thread-67|dumpPacket|   key: SITE_LIST is: [Ledu.csus.ecs.pc2.core.model.Site; [Ledu.csus.ecs.pc2.core.model.Site;@7d67ec7e
221009 130528.461|INFO|Thread-67|dumpPacket|   key: PROBLEM_DATA_FILES is: [Ledu.csus.ecs.pc2.core.model.ProblemDataFiles; [Ledu.csus.ecs.pc2.core.model.ProblemDataFiles;@72f1beca
221009 130528.462|INFO|Thread-67|dumpPacket|   key: PROBLEM_LIST is: [Ledu.csus.ecs.pc2.core.model.Problem; [Ledu.csus.ecs.pc2.core.model.Problem;@7dd0a041
221009 130528.462|INFO|Thread-67|dumpPacket|   key: JUDGEMENT_LIST is: [Ledu.csus.ecs.pc2.core.model.Judgement; [Ledu.csus.ecs.pc2.core.model.Judgement;@530d4234
221009 130528.462|INFO|Thread-67|dumpPacket|   key: LOCAL_LOGGED_IN_USERS is: [Ledu.csus.ecs.pc2.core.model.ClientId; [Ledu.csus.ecs.pc2.core.model.ClientId;@114b5037
221009 130528.463|INFO|Thread-67|dumpPacket|   key: GROUP_LIST is: [Ledu.csus.ecs.pc2.core.model.Group; [Ledu.csus.ecs.pc2.core.model.Group;@6eb3bb3a
221009 130528.463|INFO|Thread-67|dumpPacket|   key: SERVER_CLOCK_OFFSET is: java.util.GregorianCalendar java.util.GregorianCalendar[time=1665313528109,areFieldsSet=true,areAllFieldsSet=false,lenient=true,zone=sun.util.calendar.ZoneInfo[id="GMT",offset=0,dstSavings=0,useDaylight=false,transitions=0,lastRule=null],firstDayOfWeek=1,minimalDaysInFirstWeek=1,ERA=1,YEAR=2022,MONTH=9,WEEK_OF_YEAR=42,WEEK_OF_MONTH=3,DAY_OF_MONTH=9,DAY_OF_YEAR=282,DAY_OF_WEEK=1,DAY_OF_WEEK_IN_MONTH=2,AM_PM=0,HOUR=11,HOUR_OF_DAY=11,MINUTE=5,SECOND=28,MILLISECOND=109,ZONE_OFFSET=0,DST_OFFSET=0]
221009 130528.463|INFO|Thread-67|dumpPacket|   key: CONTEST_IDENTIFIER is: java.lang.String Default--6269634638092490708
221009 130528.463|INFO|Thread-67|dumpPacket|   key: BALLOON_SETTINGS_LIST is: [Ledu.csus.ecs.pc2.core.model.BalloonSettings; [Ledu.csus.ecs.pc2.core.model.BalloonSettings;@1699dc05
221009 130528.463|INFO|Thread-67|dumpPacket|   key: RUN_LIST is: [Ledu.csus.ecs.pc2.core.model.Run; [Ledu.csus.ecs.pc2.core.model.Run;@2fbc2000
221009 130528.463|INFO|Thread-67|dumpPacket|   key: ACCOUNT_ARRAY is: [Ledu.csus.ecs.pc2.core.model.Account; [Ledu.csus.ecs.pc2.core.model.Account;@643d0728
221009 130528.463|INFO|Thread-67|info|handlePacket start Packet[LOGIN_SUCCESS] #34 SERVER0 @ site 1 -> TEAM1 @ site 1
221009 130528.464|INFO|Thread-67|dumpPacket|Packet LOGIN_SUCCESS (Seq #34, o#34 ) handlePacket
221009 130528.464|INFO|Thread-67|dumpPacket|  From: SERVER0 @ site 1, oSERVER0 @ site 1 (ip-172-31-31-35 @ 172.31.31.35) (Contest Id: Default--6269634638092490708)
221009 130528.464|INFO|Thread-67|dumpPacket|    To: TEAM1 @ site 1
221009 130528.464|INFO|Thread-67|dumpPacket|   key: PROFILE_LIST is: [Ledu.csus.ecs.pc2.core.model.Profile; [Ledu.csus.ecs.pc2.core.model.Profile;@596a34f5
221009 130528.464|INFO|Thread-67|dumpPacket|   key: GENERAL_PROBLEM is: edu.csus.ecs.pc2.core.model.Problem General
221009 130528.465|INFO|Thread-67|dumpPacket|   key: CONTEST_TIME is: edu.csus.ecs.pc2.core.model.ContestTime edu.csus.ecs.pc2.core.model.ContestTime@57add1a8
221009 130528.465|INFO|Thread-67|dumpPacket|   key: CLIENT_SETTINGS_LIST is: [Ledu.csus.ecs.pc2.core.model.ClientSettings; [Ledu.csus.ecs.pc2.core.model.ClientSettings;@53925f85
221009 130528.465|INFO|Thread-67|dumpPacket|   key: CLARIFICATION_LIST is: [Ledu.csus.ecs.pc2.core.model.Clarification; [Ledu.csus.ecs.pc2.core.model.Clarification;@1690db93
221009 130528.465|INFO|Thread-67|dumpPacket|   key: CATEGORY_LIST is: [Ledu.csus.ecs.pc2.core.model.Category; [Ledu.csus.ecs.pc2.core.model.Category;@1ed58828
221009 130528.465|INFO|Thread-67|dumpPacket|   key: LANGUAGE_LIST is: [Ledu.csus.ecs.pc2.core.model.Language; [Ledu.csus.ecs.pc2.core.model.Language;@27cc2acb
221009 130528.466|INFO|Thread-67|dumpPacket|   key: REMOTE_LOGGED_IN_USERS is: [Ledu.csus.ecs.pc2.core.model.ClientId; [Ledu.csus.ecs.pc2.core.model.ClientId;@666327c0
221009 130528.467|INFO|Thread-67|dumpPacket|   key: CONTEST_TIME_LIST is: [Ledu.csus.ecs.pc2.core.model.ContestTime; [Ledu.csus.ecs.pc2.core.model.ContestTime;@76bf24dc
221009 130528.467|INFO|Thread-67|dumpPacket|   key: CONNECTION_HANDLE_ID_LIST is: [Ledu.csus.ecs.pc2.core.transport.ConnectionHandlerID; [Ledu.csus.ecs.pc2.core.transport.ConnectionHandlerID;@441966eb
221009 130528.468|INFO|Thread-67|dumpPacket|   key: PROFILE is: edu.csus.ecs.pc2.core.model.Profile Default--6269634638092490708
221009 130528.468|INFO|Thread-67|dumpPacket|   key: CLIENT_ID is: edu.csus.ecs.pc2.core.model.ClientId TEAM1 @ site 1
221009 130528.468|INFO|Thread-67|dumpPacket|   key: SITE_NUMBER is: java.lang.Integer 1
221009 130528.468|INFO|Thread-67|dumpPacket|   key: CONTEST_INFORMATION is: edu.csus.ecs.pc2.core.model.ContestInformation edu.csus.ecs.pc2.core.model.ContestInformation@24596d1
221009 130528.468|INFO|Thread-67|dumpPacket|   key: SITE_LIST is: [Ledu.csus.ecs.pc2.core.model.Site; [Ledu.csus.ecs.pc2.core.model.Site;@7d67ec7e
221009 130528.469|INFO|Thread-67|dumpPacket|   key: PROBLEM_DATA_FILES is: [Ledu.csus.ecs.pc2.core.model.ProblemDataFiles; [Ledu.csus.ecs.pc2.core.model.ProblemDataFiles;@72f1beca
221009 130528.469|INFO|Thread-67|dumpPacket|   key: PROBLEM_LIST is: [Ledu.csus.ecs.pc2.core.model.Problem; [Ledu.csus.ecs.pc2.core.model.Problem;@7dd0a041
221009 130528.469|INFO|Thread-67|dumpPacket|   key: JUDGEMENT_LIST is: [Ledu.csus.ecs.pc2.core.model.Judgement; [Ledu.csus.ecs.pc2.core.model.Judgement;@530d4234
221009 130528.469|INFO|Thread-67|dumpPacket|   key: LOCAL_LOGGED_IN_USERS is: [Ledu.csus.ecs.pc2.core.model.ClientId; [Ledu.csus.ecs.pc2.core.model.ClientId;@114b5037
221009 130528.470|INFO|Thread-67|dumpPacket|   key: GROUP_LIST is: [Ledu.csus.ecs.pc2.core.model.Group; [Ledu.csus.ecs.pc2.core.model.Group;@6eb3bb3a
221009 130528.470|INFO|Thread-67|dumpPacket|   key: SERVER_CLOCK_OFFSET is: java.util.GregorianCalendar java.util.GregorianCalendar[time=1665313528109,areFieldsSet=true,areAllFieldsSet=false,lenient=true,zone=sun.util.calendar.ZoneInfo[id="GMT",offset=0,dstSavings=0,useDaylight=false,transitions=0,lastRule=null],firstDayOfWeek=1,minimalDaysInFirstWeek=1,ERA=1,YEAR=2022,MONTH=9,WEEK_OF_YEAR=42,WEEK_OF_MONTH=3,DAY_OF_MONTH=9,DAY_OF_YEAR=282,DAY_OF_WEEK=1,DAY_OF_WEEK_IN_MONTH=2,AM_PM=0,HOUR=11,HOUR_OF_DAY=11,MINUTE=5,SECOND=28,MILLISECOND=109,ZONE_OFFSET=0,DST_OFFSET=0]
221009 130528.470|INFO|Thread-67|dumpPacket|   key: CONTEST_IDENTIFIER is: java.lang.String Default--6269634638092490708
221009 130528.471|INFO|Thread-67|dumpPacket|   key: BALLOON_SETTINGS_LIST is: [Ledu.csus.ecs.pc2.core.model.BalloonSettings; [Ledu.csus.ecs.pc2.core.model.BalloonSettings;@1699dc05
221009 130528.471|INFO|Thread-67|dumpPacket|   key: RUN_LIST is: [Ledu.csus.ecs.pc2.core.model.Run; [Ledu.csus.ecs.pc2.core.model.Run;@2fbc2000
221009 130528.471|INFO|Thread-67|dumpPacket|   key: ACCOUNT_ARRAY is: [Ledu.csus.ecs.pc2.core.model.Account; [Ledu.csus.ecs.pc2.core.model.Account;@643d0728
221009 130528.486|WARNING|Thread-67|logWarning|Exception in adding login to model 
|java.lang.IllegalArgumentException: LoginList.add() called with null ConnectionHandlerID in ClientId ADMINISTRATOR1 @ site 1
|    at edu.csus.ecs.pc2.core.list.LoginList.add (LoginList.java:108)
|    at edu.csus.ecs.pc2.core.model.InternalContest.addLocalLogin (InternalContest.java:667)
|    at edu.csus.ecs.pc2.core.ContestLoader.addLoginsToModel (ContestLoader.java:481)
|    at edu.csus.ecs.pc2.core.ContestLoader.loadDataIntoModel (ContestLoader.java:1026)
|    at edu.csus.ecs.pc2.core.PacketHandler.loginSuccess (PacketHandler.java:2109)
|    at edu.csus.ecs.pc2.core.PacketHandler.handleOtherPacketTypes (PacketHandler.java:370)
|    at edu.csus.ecs.pc2.core.PacketHandler.handlePacket (PacketHandler.java:267)
|    at edu.csus.ecs.pc2.core.InternalController.receiveObject (InternalController.java:2441)
|    at edu.csus.ecs.pc2.core.transport.TransportManager$2.run (TransportManager.java:343)
|    at java.lang.Thread.run (Thread.java:834)
221009 130528.503|WARNING|Thread-67|logWarning|Exception in adding login to model 
|java.lang.IllegalArgumentException: LoginList.add() called with null ConnectionHandlerID in ClientId TEAM1 @ site 1
|    at edu.csus.ecs.pc2.core.list.LoginList.add (LoginList.java:108)
|    at edu.csus.ecs.pc2.core.model.InternalContest.addLocalLogin (InternalContest.java:667)
|    at edu.csus.ecs.pc2.core.ContestLoader.addLoginsToModel (ContestLoader.java:481)
|    at edu.csus.ecs.pc2.core.ContestLoader.loadDataIntoModel (ContestLoader.java:1026)
|    at edu.csus.ecs.pc2.core.PacketHandler.loginSuccess (PacketHandler.java:2109)
|    at edu.csus.ecs.pc2.core.PacketHandler.handleOtherPacketTypes (PacketHandler.java:370)
|    at edu.csus.ecs.pc2.core.PacketHandler.handlePacket (PacketHandler.java:267)
|    at edu.csus.ecs.pc2.core.InternalController.receiveObject (InternalController.java:2441)
|    at edu.csus.ecs.pc2.core.transport.TransportManager$2.run (TransportManager.java:343)
|    at java.lang.Thread.run (Thread.java:834)
221009 141725.807|INFO|Thread-65|connectionDropped|connectionDropped(ConnectionHandlerID myConnectionID) 
