221009 130508.638|CONFIG|qtp1683662486-38|setFileHandlers|Now logging to C:\xampp\htdocs\WebTeamInterface-1.1\logs directory.
221009 130508.639|INFO|qtp1683662486-38|info|
221009 130508.641|INFO|qtp1683662486-38|info|Version 9 () Java ver 11.0.2 build  Windows 10 10.0 (amd64) 
221009 130508.642|INFO|qtp1683662486-38|info|Login: team1 (aka team1)
221009 130508.643|INFO|qtp1683662486-38|startLog|Working directory is C:\xampp\htdocs\WebTeamInterface-1.1
221009 130508.644|INFO|qtp1683662486-38|startLog|Process id is 16464@DESKTOP-GE25NLQ
221009 130508.644|INFO|qtp1683662486-38|info|Contacting server at 34.204.53.97:50002 as TEAM1 @ site 0
221009 130508.646|INFO|qtp1683662486-38|info|sendLoginRequest start - sending from TEAM1 @ site 0
221009 130508.646|INFO|qtp1683662486-38|sendToLocalServer|Sending packet to server Packet[LOGIN_REQUEST] #8 TEAM1 @ site 0 -> SERVER0 @ site 0
221009 130508.647|INFO|qtp1683662486-38|sendToLocalServer|Sent    packet to server Packet[LOGIN_REQUEST] #8 TEAM1 @ site 0 -> SERVER0 @ site 0
221009 130508.647|INFO|qtp1683662486-38|info|sendLoginRequest end - packet sent.
221009 130508.647|INFO|Thread-62|run|send(Serializable)
221009 130508.903|INFO|Thread-61|receiveUnencrypted|receiveUnencrypted(TransportWrapper, ConnectionHandlerID=Socket[addr=/34.204.53.97,port=50002,localport=54083]--270708408860163665)
221009 130508.912|INFO|Thread-61|receiveUnencrypted|receiveUnencrypted Made a secret key for Socket[addr=/34.204.53.97,port=50002,localport=54083]--270708408860163665 key is com.sun.crypto.provider.DESKey@fffe7ffa
221009 130508.912|INFO|Thread-61|getPublicKeyPacket|Generating Unencrypted Public Key Packet
221009 130508.915|INFO|Thread-61|getPublicKeyPacket|checking key:= SunJCE Diffie-Hellman Public Key:
y:
    6dee8225 7ee8d033 6cd7c575 d4f38e0f 4906e86e 057f2429 ca2b3a43 24b6a90b
    c8b058b8 fa7e95d2 2da96f4d ae42c63b 0c400ae1 851cdb47 fef197bf d7fa045b
    d49090b2 c618f1f1 b8cda6f3 00e9cc88 b8cf8e00 c8e1fe9d 01ebcef4 af652957
    b148f2b8 51d75b60 d49722ab 8e031781 a4a40e48 eafee6e0 adfaf6fb 69962c04
p:
    f488fd58 4e49dbcd 20b49de4 9107366b 336c380d 451d0f7c 88b31c7c 5b2d8ef6
    f3c923c0 43f0a55b 188d8ebb 558cb85d 38d334fd 7c175743 a31d186c de33212c
    b52aff3c e1b12940 18118d7c 84a70a72 d686c403 19c80729 7aca950c d9969fab
    d00a509b 0246d308 3d66a45d 419f9c7c bd894b22 1926baab a25ec355 e92f78c7
g:
    02
l:
    512
221009 130508.916|INFO|Thread-61|getPublicKeyPacket|packet:= edu.csus.ecs.pc2.core.transport.TransportWrapper@522d430d
221009 130509.265|INFO|Thread-61|receive|public void receive(SealedObject TransportPacket, ConnectionHandlerID connectionHandlerID)
221009 130509.302|INFO|Thread-63|info| receiveObject(S) start got Packet[LOGIN_SUCCESS] #29 SERVER0 @ site 1 -> TEAM1 @ site 1
221009 130509.302|INFO|Thread-63|dumpPacket|Packet LOGIN_SUCCESS (Seq #29, o#29 ) recieveObject
221009 130509.303|INFO|Thread-63|dumpPacket|  From: SERVER0 @ site 1, oSERVER0 @ site 1 (ip-172-31-31-35 @ 172.31.31.35) (Contest Id: Default--6269634638092490708)
221009 130509.303|INFO|Thread-63|dumpPacket|    To: TEAM1 @ site 1
221009 130509.303|INFO|Thread-63|dumpPacket|   key: PROFILE_LIST is: [Ledu.csus.ecs.pc2.core.model.Profile; [Ledu.csus.ecs.pc2.core.model.Profile;@536ff156
221009 130509.303|INFO|Thread-63|dumpPacket|   key: GENERAL_PROBLEM is: edu.csus.ecs.pc2.core.model.Problem General
221009 130509.304|INFO|Thread-63|dumpPacket|   key: CONTEST_TIME is: edu.csus.ecs.pc2.core.model.ContestTime edu.csus.ecs.pc2.core.model.ContestTime@5da8054b
221009 130509.304|INFO|Thread-63|dumpPacket|   key: CLIENT_SETTINGS_LIST is: [Ledu.csus.ecs.pc2.core.model.ClientSettings; [Ledu.csus.ecs.pc2.core.model.ClientSettings;@59979a26
221009 130509.304|INFO|Thread-63|dumpPacket|   key: CLARIFICATION_LIST is: [Ledu.csus.ecs.pc2.core.model.Clarification; [Ledu.csus.ecs.pc2.core.model.Clarification;@1c950f70
221009 130509.304|INFO|Thread-63|dumpPacket|   key: CATEGORY_LIST is: [Ledu.csus.ecs.pc2.core.model.Category; [Ledu.csus.ecs.pc2.core.model.Category;@305cb8f5
221009 130509.305|INFO|Thread-63|dumpPacket|   key: LANGUAGE_LIST is: [Ledu.csus.ecs.pc2.core.model.Language; [Ledu.csus.ecs.pc2.core.model.Language;@2d4371e8
221009 130509.305|INFO|Thread-63|dumpPacket|   key: REMOTE_LOGGED_IN_USERS is: [Ledu.csus.ecs.pc2.core.model.ClientId; [Ledu.csus.ecs.pc2.core.model.ClientId;@486098cc
221009 130509.307|INFO|Thread-63|dumpPacket|   key: CONTEST_TIME_LIST is: [Ledu.csus.ecs.pc2.core.model.ContestTime; [Ledu.csus.ecs.pc2.core.model.ContestTime;@7cbaf03f
221009 130509.307|INFO|Thread-63|dumpPacket|   key: CONNECTION_HANDLE_ID_LIST is: [Ledu.csus.ecs.pc2.core.transport.ConnectionHandlerID; [Ledu.csus.ecs.pc2.core.transport.ConnectionHandlerID;@2974744d
221009 130509.307|INFO|Thread-63|dumpPacket|   key: PROFILE is: edu.csus.ecs.pc2.core.model.Profile Default--6269634638092490708
221009 130509.307|INFO|Thread-63|dumpPacket|   key: CLIENT_ID is: edu.csus.ecs.pc2.core.model.ClientId TEAM1 @ site 1
221009 130509.308|INFO|Thread-63|dumpPacket|   key: SITE_NUMBER is: java.lang.Integer 1
221009 130509.309|INFO|Thread-63|dumpPacket|   key: CONTEST_INFORMATION is: edu.csus.ecs.pc2.core.model.ContestInformation edu.csus.ecs.pc2.core.model.ContestInformation@1f8e8cba
221009 130509.309|INFO|Thread-63|dumpPacket|   key: SITE_LIST is: [Ledu.csus.ecs.pc2.core.model.Site; [Ledu.csus.ecs.pc2.core.model.Site;@5364d17f
221009 130509.309|INFO|Thread-63|dumpPacket|   key: PROBLEM_DATA_FILES is: [Ledu.csus.ecs.pc2.core.model.ProblemDataFiles; [Ledu.csus.ecs.pc2.core.model.ProblemDataFiles;@78f4e824
221009 130509.309|INFO|Thread-63|dumpPacket|   key: PROBLEM_LIST is: [Ledu.csus.ecs.pc2.core.model.Problem; [Ledu.csus.ecs.pc2.core.model.Problem;@72a83d6b
221009 130509.310|INFO|Thread-63|dumpPacket|   key: JUDGEMENT_LIST is: [Ledu.csus.ecs.pc2.core.model.Judgement; [Ledu.csus.ecs.pc2.core.model.Judgement;@192884d8
221009 130509.310|INFO|Thread-63|dumpPacket|   key: LOCAL_LOGGED_IN_USERS is: [Ledu.csus.ecs.pc2.core.model.ClientId; [Ledu.csus.ecs.pc2.core.model.ClientId;@6cb241ab
221009 130509.311|INFO|Thread-63|dumpPacket|   key: GROUP_LIST is: [Ledu.csus.ecs.pc2.core.model.Group; [Ledu.csus.ecs.pc2.core.model.Group;@335831d1
221009 130509.311|INFO|Thread-63|dumpPacket|   key: SERVER_CLOCK_OFFSET is: java.util.GregorianCalendar java.util.GregorianCalendar[time=1665313508943,areFieldsSet=true,areAllFieldsSet=false,lenient=true,zone=sun.util.calendar.ZoneInfo[id="GMT",offset=0,dstSavings=0,useDaylight=false,transitions=0,lastRule=null],firstDayOfWeek=1,minimalDaysInFirstWeek=1,ERA=1,YEAR=2022,MONTH=9,WEEK_OF_YEAR=42,WEEK_OF_MONTH=3,DAY_OF_MONTH=9,DAY_OF_YEAR=282,DAY_OF_WEEK=1,DAY_OF_WEEK_IN_MONTH=2,AM_PM=0,HOUR=11,HOUR_OF_DAY=11,MINUTE=5,SECOND=8,MILLISECOND=943,ZONE_OFFSET=0,DST_OFFSET=0]
221009 130509.311|INFO|Thread-63|dumpPacket|   key: CONTEST_IDENTIFIER is: java.lang.String Default--6269634638092490708
221009 130509.311|INFO|Thread-63|dumpPacket|   key: BALLOON_SETTINGS_LIST is: [Ledu.csus.ecs.pc2.core.model.BalloonSettings; [Ledu.csus.ecs.pc2.core.model.BalloonSettings;@2811b4
221009 130509.312|INFO|Thread-63|dumpPacket|   key: RUN_LIST is: [Ledu.csus.ecs.pc2.core.model.Run; [Ledu.csus.ecs.pc2.core.model.Run;@5d7b5b2d
221009 130509.312|INFO|Thread-63|dumpPacket|   key: ACCOUNT_ARRAY is: [Ledu.csus.ecs.pc2.core.model.Account; [Ledu.csus.ecs.pc2.core.model.Account;@233af630
221009 130509.312|INFO|Thread-63|info|handlePacket start Packet[LOGIN_SUCCESS] #29 SERVER0 @ site 1 -> TEAM1 @ site 1
221009 130509.313|INFO|Thread-63|dumpPacket|Packet LOGIN_SUCCESS (Seq #29, o#29 ) handlePacket
221009 130509.313|INFO|Thread-63|dumpPacket|  From: SERVER0 @ site 1, oSERVER0 @ site 1 (ip-172-31-31-35 @ 172.31.31.35) (Contest Id: Default--6269634638092490708)
221009 130509.313|INFO|Thread-63|dumpPacket|    To: TEAM1 @ site 1
221009 130509.313|INFO|Thread-63|dumpPacket|   key: PROFILE_LIST is: [Ledu.csus.ecs.pc2.core.model.Profile; [Ledu.csus.ecs.pc2.core.model.Profile;@536ff156
221009 130509.314|INFO|Thread-63|dumpPacket|   key: GENERAL_PROBLEM is: edu.csus.ecs.pc2.core.model.Problem General
221009 130509.314|INFO|Thread-63|dumpPacket|   key: CONTEST_TIME is: edu.csus.ecs.pc2.core.model.ContestTime edu.csus.ecs.pc2.core.model.ContestTime@5da8054b
221009 130509.314|INFO|Thread-63|dumpPacket|   key: CLIENT_SETTINGS_LIST is: [Ledu.csus.ecs.pc2.core.model.ClientSettings; [Ledu.csus.ecs.pc2.core.model.ClientSettings;@59979a26
221009 130509.314|INFO|Thread-63|dumpPacket|   key: CLARIFICATION_LIST is: [Ledu.csus.ecs.pc2.core.model.Clarification; [Ledu.csus.ecs.pc2.core.model.Clarification;@1c950f70
221009 130509.314|INFO|Thread-63|dumpPacket|   key: CATEGORY_LIST is: [Ledu.csus.ecs.pc2.core.model.Category; [Ledu.csus.ecs.pc2.core.model.Category;@305cb8f5
221009 130509.315|INFO|Thread-63|dumpPacket|   key: LANGUAGE_LIST is: [Ledu.csus.ecs.pc2.core.model.Language; [Ledu.csus.ecs.pc2.core.model.Language;@2d4371e8
221009 130509.316|INFO|Thread-63|dumpPacket|   key: REMOTE_LOGGED_IN_USERS is: [Ledu.csus.ecs.pc2.core.model.ClientId; [Ledu.csus.ecs.pc2.core.model.ClientId;@486098cc
221009 130509.316|INFO|Thread-63|dumpPacket|   key: CONTEST_TIME_LIST is: [Ledu.csus.ecs.pc2.core.model.ContestTime; [Ledu.csus.ecs.pc2.core.model.ContestTime;@7cbaf03f
221009 130509.316|INFO|Thread-63|dumpPacket|   key: CONNECTION_HANDLE_ID_LIST is: [Ledu.csus.ecs.pc2.core.transport.ConnectionHandlerID; [Ledu.csus.ecs.pc2.core.transport.ConnectionHandlerID;@2974744d
221009 130509.316|INFO|Thread-63|dumpPacket|   key: PROFILE is: edu.csus.ecs.pc2.core.model.Profile Default--6269634638092490708
221009 130509.316|INFO|Thread-63|dumpPacket|   key: CLIENT_ID is: edu.csus.ecs.pc2.core.model.ClientId TEAM1 @ site 1
221009 130509.316|INFO|Thread-63|dumpPacket|   key: SITE_NUMBER is: java.lang.Integer 1
221009 130509.317|INFO|Thread-63|dumpPacket|   key: CONTEST_INFORMATION is: edu.csus.ecs.pc2.core.model.ContestInformation edu.csus.ecs.pc2.core.model.ContestInformation@1f8e8cba
221009 130509.317|INFO|Thread-63|dumpPacket|   key: SITE_LIST is: [Ledu.csus.ecs.pc2.core.model.Site; [Ledu.csus.ecs.pc2.core.model.Site;@5364d17f
221009 130509.318|INFO|Thread-63|dumpPacket|   key: PROBLEM_DATA_FILES is: [Ledu.csus.ecs.pc2.core.model.ProblemDataFiles; [Ledu.csus.ecs.pc2.core.model.ProblemDataFiles;@78f4e824
221009 130509.318|INFO|Thread-63|dumpPacket|   key: PROBLEM_LIST is: [Ledu.csus.ecs.pc2.core.model.Problem; [Ledu.csus.ecs.pc2.core.model.Problem;@72a83d6b
221009 130509.318|INFO|Thread-63|dumpPacket|   key: JUDGEMENT_LIST is: [Ledu.csus.ecs.pc2.core.model.Judgement; [Ledu.csus.ecs.pc2.core.model.Judgement;@192884d8
221009 130509.318|INFO|Thread-63|dumpPacket|   key: LOCAL_LOGGED_IN_USERS is: [Ledu.csus.ecs.pc2.core.model.ClientId; [Ledu.csus.ecs.pc2.core.model.ClientId;@6cb241ab
221009 130509.319|INFO|Thread-63|dumpPacket|   key: GROUP_LIST is: [Ledu.csus.ecs.pc2.core.model.Group; [Ledu.csus.ecs.pc2.core.model.Group;@335831d1
221009 130509.319|INFO|Thread-63|dumpPacket|   key: SERVER_CLOCK_OFFSET is: java.util.GregorianCalendar java.util.GregorianCalendar[time=1665313508943,areFieldsSet=true,areAllFieldsSet=false,lenient=true,zone=sun.util.calendar.ZoneInfo[id="GMT",offset=0,dstSavings=0,useDaylight=false,transitions=0,lastRule=null],firstDayOfWeek=1,minimalDaysInFirstWeek=1,ERA=1,YEAR=2022,MONTH=9,WEEK_OF_YEAR=42,WEEK_OF_MONTH=3,DAY_OF_MONTH=9,DAY_OF_YEAR=282,DAY_OF_WEEK=1,DAY_OF_WEEK_IN_MONTH=2,AM_PM=0,HOUR=11,HOUR_OF_DAY=11,MINUTE=5,SECOND=8,MILLISECOND=943,ZONE_OFFSET=0,DST_OFFSET=0]
221009 130509.319|INFO|Thread-63|dumpPacket|   key: CONTEST_IDENTIFIER is: java.lang.String Default--6269634638092490708
221009 130509.319|INFO|Thread-63|dumpPacket|   key: BALLOON_SETTINGS_LIST is: [Ledu.csus.ecs.pc2.core.model.BalloonSettings; [Ledu.csus.ecs.pc2.core.model.BalloonSettings;@2811b4
221009 130509.320|INFO|Thread-63|dumpPacket|   key: RUN_LIST is: [Ledu.csus.ecs.pc2.core.model.Run; [Ledu.csus.ecs.pc2.core.model.Run;@5d7b5b2d
221009 130509.320|INFO|Thread-63|dumpPacket|   key: ACCOUNT_ARRAY is: [Ledu.csus.ecs.pc2.core.model.Account; [Ledu.csus.ecs.pc2.core.model.Account;@233af630
221009 130509.335|WARNING|Thread-63|logWarning|Exception in adding login to model 
|java.lang.IllegalArgumentException: LoginList.add() called with null ConnectionHandlerID in ClientId ADMINISTRATOR1 @ site 1
|    at edu.csus.ecs.pc2.core.list.LoginList.add (LoginList.java:108)
|    at edu.csus.ecs.pc2.core.model.InternalContest.addLocalLogin (InternalContest.java:667)
|    at edu.csus.ecs.pc2.core.ContestLoader.addLoginsToModel (ContestLoader.java:481)
|    at edu.csus.ecs.pc2.core.ContestLoader.loadDataIntoModel (ContestLoader.java:1026)
|    at edu.csus.ecs.pc2.core.PacketHandler.loginSuccess (PacketHandler.java:2109)
|    at edu.csus.ecs.pc2.core.PacketHandler.handleOtherPacketTypes (PacketHandler.java:370)
|    at edu.csus.ecs.pc2.core.PacketHandler.handlePacket (PacketHandler.java:267)
|    at edu.csus.ecs.pc2.core.InternalController.receiveObject (InternalController.java:2441)
|    at edu.csus.ecs.pc2.core.transport.TransportManager$2.run (TransportManager.java:343)
|    at java.lang.Thread.run (Thread.java:834)
221009 130509.350|WARNING|Thread-63|logWarning|Exception in adding login to model 
|java.lang.IllegalArgumentException: LoginList.add() called with null ConnectionHandlerID in ClientId TEAM1 @ site 1
|    at edu.csus.ecs.pc2.core.list.LoginList.add (LoginList.java:108)
|    at edu.csus.ecs.pc2.core.model.InternalContest.addLocalLogin (InternalContest.java:667)
|    at edu.csus.ecs.pc2.core.ContestLoader.addLoginsToModel (ContestLoader.java:481)
|    at edu.csus.ecs.pc2.core.ContestLoader.loadDataIntoModel (ContestLoader.java:1026)
|    at edu.csus.ecs.pc2.core.PacketHandler.loginSuccess (PacketHandler.java:2109)
|    at edu.csus.ecs.pc2.core.PacketHandler.handleOtherPacketTypes (PacketHandler.java:370)
|    at edu.csus.ecs.pc2.core.PacketHandler.handlePacket (PacketHandler.java:267)
|    at edu.csus.ecs.pc2.core.InternalController.receiveObject (InternalController.java:2441)
|    at edu.csus.ecs.pc2.core.transport.TransportManager$2.run (TransportManager.java:343)
|    at java.lang.Thread.run (Thread.java:834)
221009 130519.198|INFO|Thread-64|run|send(Serializable)
221009 130519.455|INFO|Thread-61|connectionDropped|connectionDropped(ConnectionHandlerID myConnectionID) 
