221009 130333.591|CONFIG|qtp1683662486-20|setFileHandlers|Now logging to C:\xampp\htdocs\WebTeamInterface-1.1\logs directory.
221009 130333.592|INFO|qtp1683662486-20|info|
221009 130333.594|INFO|qtp1683662486-20|info|Version 9 () Java ver 11.0.2 build  Windows 10 10.0 (amd64) 
221009 130333.595|INFO|qtp1683662486-20|info|Login: team1 (aka team1)
221009 130333.596|INFO|qtp1683662486-20|startLog|Working directory is C:\xampp\htdocs\WebTeamInterface-1.1
221009 130333.596|INFO|qtp1683662486-20|startLog|Process id is 16464@DESKTOP-GE25NLQ
221009 130333.597|INFO|qtp1683662486-20|info|Contacting server at 34.204.53.97:50002 as TEAM1 @ site 0
221009 130333.598|INFO|qtp1683662486-20|info|sendLoginRequest start - sending from TEAM1 @ site 0
221009 130333.601|INFO|qtp1683662486-20|sendToLocalServer|Sending packet to server Packet[LOGIN_REQUEST] #7 TEAM1 @ site 0 -> SERVER0 @ site 0
221009 130333.602|INFO|qtp1683662486-20|sendToLocalServer|Sent    packet to server Packet[LOGIN_REQUEST] #7 TEAM1 @ site 0 -> SERVER0 @ site 0
221009 130333.603|INFO|qtp1683662486-20|info|sendLoginRequest end - packet sent.
221009 130333.602|INFO|Thread-56|run|send(Serializable)
221009 130333.860|INFO|Thread-55|receiveUnencrypted|receiveUnencrypted(TransportWrapper, ConnectionHandlerID=Socket[addr=/34.204.53.97,port=50002,localport=54026]-3209893033010131107)
221009 130333.863|INFO|Thread-55|receiveUnencrypted|receiveUnencrypted Made a secret key for Socket[addr=/34.204.53.97,port=50002,localport=54026]-3209893033010131107 key is com.sun.crypto.provider.DESKey@fffe7f95
221009 130333.863|INFO|Thread-55|getPublicKeyPacket|Generating Unencrypted Public Key Packet
221009 130333.864|INFO|Thread-55|getPublicKeyPacket|checking key:= SunJCE Diffie-Hellman Public Key:
y:
    b567acd1 128288a7 876eff31 75ee7836 2f037fcb ad19b88d 2829dc19 afb8566e
    c3e8b2ba fee4f5e4 00bea1b4 b6fa46d1 088799f3 1030758a 9244f905 f7fc7439
    dab13a2f a6a23521 b0371e6c 082fb3a6 5f165a24 4fd0c91f bc2b1c32 7ead0f7f
    37b6a984 70a6a25c cea3b818 825ffea7 afbf3584 bfea4eab 730244f2 a473cf8f
p:
    f488fd58 4e49dbcd 20b49de4 9107366b 336c380d 451d0f7c 88b31c7c 5b2d8ef6
    f3c923c0 43f0a55b 188d8ebb 558cb85d 38d334fd 7c175743 a31d186c de33212c
    b52aff3c e1b12940 18118d7c 84a70a72 d686c403 19c80729 7aca950c d9969fab
    d00a509b 0246d308 3d66a45d 419f9c7c bd894b22 1926baab a25ec355 e92f78c7
g:
    02
l:
    512
221009 130333.864|INFO|Thread-55|getPublicKeyPacket|packet:= edu.csus.ecs.pc2.core.transport.TransportWrapper@5caec8f3
221009 130334.277|INFO|Thread-55|receive|public void receive(SealedObject TransportPacket, ConnectionHandlerID connectionHandlerID)
221009 130334.354|INFO|Thread-57|info| receiveObject(S) start got Packet[LOGIN_SUCCESS] #14 SERVER0 @ site 1 -> TEAM1 @ site 1
221009 130334.354|INFO|Thread-57|dumpPacket|Packet LOGIN_SUCCESS (Seq #14, o#14 ) recieveObject
221009 130334.354|INFO|Thread-57|dumpPacket|  From: SERVER0 @ site 1, oSERVER0 @ site 1 (ip-172-31-31-35 @ 172.31.31.35) (Contest Id: Default--6269634638092490708)
221009 130334.354|INFO|Thread-57|dumpPacket|    To: TEAM1 @ site 1
221009 130334.356|INFO|Thread-57|dumpPacket|   key: PROFILE_LIST is: [Ledu.csus.ecs.pc2.core.model.Profile; [Ledu.csus.ecs.pc2.core.model.Profile;@5bec08b
221009 130334.356|INFO|Thread-57|dumpPacket|   key: GENERAL_PROBLEM is: edu.csus.ecs.pc2.core.model.Problem General
221009 130334.356|INFO|Thread-57|dumpPacket|   key: CONTEST_TIME is: edu.csus.ecs.pc2.core.model.ContestTime edu.csus.ecs.pc2.core.model.ContestTime@b792e4c
221009 130334.356|INFO|Thread-57|dumpPacket|   key: CLIENT_SETTINGS_LIST is: [Ledu.csus.ecs.pc2.core.model.ClientSettings; [Ledu.csus.ecs.pc2.core.model.ClientSettings;@f46abfb
221009 130334.356|INFO|Thread-57|dumpPacket|   key: CLARIFICATION_LIST is: [Ledu.csus.ecs.pc2.core.model.Clarification; [Ledu.csus.ecs.pc2.core.model.Clarification;@4a442477
221009 130334.356|INFO|Thread-57|dumpPacket|   key: CATEGORY_LIST is: [Ledu.csus.ecs.pc2.core.model.Category; [Ledu.csus.ecs.pc2.core.model.Category;@398d0f2c
221009 130334.357|INFO|Thread-57|dumpPacket|   key: LANGUAGE_LIST is: [Ledu.csus.ecs.pc2.core.model.Language; [Ledu.csus.ecs.pc2.core.model.Language;@7b444d1f
221009 130334.357|INFO|Thread-57|dumpPacket|   key: REMOTE_LOGGED_IN_USERS is: [Ledu.csus.ecs.pc2.core.model.ClientId; [Ledu.csus.ecs.pc2.core.model.ClientId;@416738ff
221009 130334.357|INFO|Thread-57|dumpPacket|   key: CONTEST_TIME_LIST is: [Ledu.csus.ecs.pc2.core.model.ContestTime; [Ledu.csus.ecs.pc2.core.model.ContestTime;@2a6bdb38
221009 130334.358|INFO|Thread-57|dumpPacket|   key: CONNECTION_HANDLE_ID_LIST is: [Ledu.csus.ecs.pc2.core.transport.ConnectionHandlerID; [Ledu.csus.ecs.pc2.core.transport.ConnectionHandlerID;@7bce5536
221009 130334.358|INFO|Thread-57|dumpPacket|   key: PROFILE is: edu.csus.ecs.pc2.core.model.Profile Default--6269634638092490708
221009 130334.358|INFO|Thread-57|dumpPacket|   key: CLIENT_ID is: edu.csus.ecs.pc2.core.model.ClientId TEAM1 @ site 1
221009 130334.358|INFO|Thread-57|dumpPacket|   key: SITE_NUMBER is: java.lang.Integer 1
221009 130334.358|INFO|Thread-57|dumpPacket|   key: CONTEST_INFORMATION is: edu.csus.ecs.pc2.core.model.ContestInformation edu.csus.ecs.pc2.core.model.ContestInformation@223bd3e5
221009 130334.358|INFO|Thread-57|dumpPacket|   key: SITE_LIST is: [Ledu.csus.ecs.pc2.core.model.Site; [Ledu.csus.ecs.pc2.core.model.Site;@5a63b79d
221009 130334.358|INFO|Thread-57|dumpPacket|   key: PROBLEM_DATA_FILES is: [Ledu.csus.ecs.pc2.core.model.ProblemDataFiles; [Ledu.csus.ecs.pc2.core.model.ProblemDataFiles;@2e2505f2
221009 130334.358|INFO|Thread-57|dumpPacket|   key: PROBLEM_LIST is: [Ledu.csus.ecs.pc2.core.model.Problem; [Ledu.csus.ecs.pc2.core.model.Problem;@27cb82e5
221009 130334.358|INFO|Thread-57|dumpPacket|   key: JUDGEMENT_LIST is: [Ledu.csus.ecs.pc2.core.model.Judgement; [Ledu.csus.ecs.pc2.core.model.Judgement;@5b93c902
221009 130334.358|INFO|Thread-57|dumpPacket|   key: LOCAL_LOGGED_IN_USERS is: [Ledu.csus.ecs.pc2.core.model.ClientId; [Ledu.csus.ecs.pc2.core.model.ClientId;@1c8b42b2
221009 130334.358|INFO|Thread-57|dumpPacket|   key: GROUP_LIST is: [Ledu.csus.ecs.pc2.core.model.Group; [Ledu.csus.ecs.pc2.core.model.Group;@1a87ce44
221009 130334.358|INFO|Thread-57|dumpPacket|   key: SERVER_CLOCK_OFFSET is: java.util.GregorianCalendar java.util.GregorianCalendar[time=1665313413880,areFieldsSet=true,areAllFieldsSet=false,lenient=true,zone=sun.util.calendar.ZoneInfo[id="GMT",offset=0,dstSavings=0,useDaylight=false,transitions=0,lastRule=null],firstDayOfWeek=1,minimalDaysInFirstWeek=1,ERA=1,YEAR=2022,MONTH=9,WEEK_OF_YEAR=42,WEEK_OF_MONTH=3,DAY_OF_MONTH=9,DAY_OF_YEAR=282,DAY_OF_WEEK=1,DAY_OF_WEEK_IN_MONTH=2,AM_PM=0,HOUR=11,HOUR_OF_DAY=11,MINUTE=3,SECOND=33,MILLISECOND=880,ZONE_OFFSET=0,DST_OFFSET=0]
221009 130334.360|INFO|Thread-57|dumpPacket|   key: CONTEST_IDENTIFIER is: java.lang.String Default--6269634638092490708
221009 130334.360|INFO|Thread-57|dumpPacket|   key: BALLOON_SETTINGS_LIST is: [Ledu.csus.ecs.pc2.core.model.BalloonSettings; [Ledu.csus.ecs.pc2.core.model.BalloonSettings;@61a0ab5b
221009 130334.360|INFO|Thread-57|dumpPacket|   key: RUN_LIST is: [Ledu.csus.ecs.pc2.core.model.Run; [Ledu.csus.ecs.pc2.core.model.Run;@24bea5b4
221009 130334.360|INFO|Thread-57|dumpPacket|   key: ACCOUNT_ARRAY is: [Ledu.csus.ecs.pc2.core.model.Account; [Ledu.csus.ecs.pc2.core.model.Account;@62e6fd43
221009 130334.360|INFO|Thread-57|info|handlePacket start Packet[LOGIN_SUCCESS] #14 SERVER0 @ site 1 -> TEAM1 @ site 1
221009 130334.360|INFO|Thread-57|dumpPacket|Packet LOGIN_SUCCESS (Seq #14, o#14 ) handlePacket
221009 130334.360|INFO|Thread-57|dumpPacket|  From: SERVER0 @ site 1, oSERVER0 @ site 1 (ip-172-31-31-35 @ 172.31.31.35) (Contest Id: Default--6269634638092490708)
221009 130334.360|INFO|Thread-57|dumpPacket|    To: TEAM1 @ site 1
221009 130334.360|INFO|Thread-57|dumpPacket|   key: PROFILE_LIST is: [Ledu.csus.ecs.pc2.core.model.Profile; [Ledu.csus.ecs.pc2.core.model.Profile;@5bec08b
221009 130334.360|INFO|Thread-57|dumpPacket|   key: GENERAL_PROBLEM is: edu.csus.ecs.pc2.core.model.Problem General
221009 130334.360|INFO|Thread-57|dumpPacket|   key: CONTEST_TIME is: edu.csus.ecs.pc2.core.model.ContestTime edu.csus.ecs.pc2.core.model.ContestTime@b792e4c
221009 130334.362|INFO|Thread-57|dumpPacket|   key: CLIENT_SETTINGS_LIST is: [Ledu.csus.ecs.pc2.core.model.ClientSettings; [Ledu.csus.ecs.pc2.core.model.ClientSettings;@f46abfb
221009 130334.362|INFO|Thread-57|dumpPacket|   key: CLARIFICATION_LIST is: [Ledu.csus.ecs.pc2.core.model.Clarification; [Ledu.csus.ecs.pc2.core.model.Clarification;@4a442477
221009 130334.362|INFO|Thread-57|dumpPacket|   key: CATEGORY_LIST is: [Ledu.csus.ecs.pc2.core.model.Category; [Ledu.csus.ecs.pc2.core.model.Category;@398d0f2c
221009 130334.362|INFO|Thread-57|dumpPacket|   key: LANGUAGE_LIST is: [Ledu.csus.ecs.pc2.core.model.Language; [Ledu.csus.ecs.pc2.core.model.Language;@7b444d1f
221009 130334.362|INFO|Thread-57|dumpPacket|   key: REMOTE_LOGGED_IN_USERS is: [Ledu.csus.ecs.pc2.core.model.ClientId; [Ledu.csus.ecs.pc2.core.model.ClientId;@416738ff
221009 130334.362|INFO|Thread-57|dumpPacket|   key: CONTEST_TIME_LIST is: [Ledu.csus.ecs.pc2.core.model.ContestTime; [Ledu.csus.ecs.pc2.core.model.ContestTime;@2a6bdb38
221009 130334.362|INFO|Thread-57|dumpPacket|   key: CONNECTION_HANDLE_ID_LIST is: [Ledu.csus.ecs.pc2.core.transport.ConnectionHandlerID; [Ledu.csus.ecs.pc2.core.transport.ConnectionHandlerID;@7bce5536
221009 130334.362|INFO|Thread-57|dumpPacket|   key: PROFILE is: edu.csus.ecs.pc2.core.model.Profile Default--6269634638092490708
221009 130334.362|INFO|Thread-57|dumpPacket|   key: CLIENT_ID is: edu.csus.ecs.pc2.core.model.ClientId TEAM1 @ site 1
221009 130334.362|INFO|Thread-57|dumpPacket|   key: SITE_NUMBER is: java.lang.Integer 1
221009 130334.362|INFO|Thread-57|dumpPacket|   key: CONTEST_INFORMATION is: edu.csus.ecs.pc2.core.model.ContestInformation edu.csus.ecs.pc2.core.model.ContestInformation@223bd3e5
221009 130334.362|INFO|Thread-57|dumpPacket|   key: SITE_LIST is: [Ledu.csus.ecs.pc2.core.model.Site; [Ledu.csus.ecs.pc2.core.model.Site;@5a63b79d
221009 130334.362|INFO|Thread-57|dumpPacket|   key: PROBLEM_DATA_FILES is: [Ledu.csus.ecs.pc2.core.model.ProblemDataFiles; [Ledu.csus.ecs.pc2.core.model.ProblemDataFiles;@2e2505f2
221009 130334.362|INFO|Thread-57|dumpPacket|   key: PROBLEM_LIST is: [Ledu.csus.ecs.pc2.core.model.Problem; [Ledu.csus.ecs.pc2.core.model.Problem;@27cb82e5
221009 130334.363|INFO|Thread-57|dumpPacket|   key: JUDGEMENT_LIST is: [Ledu.csus.ecs.pc2.core.model.Judgement; [Ledu.csus.ecs.pc2.core.model.Judgement;@5b93c902
221009 130334.363|INFO|Thread-57|dumpPacket|   key: LOCAL_LOGGED_IN_USERS is: [Ledu.csus.ecs.pc2.core.model.ClientId; [Ledu.csus.ecs.pc2.core.model.ClientId;@1c8b42b2
221009 130334.363|INFO|Thread-57|dumpPacket|   key: GROUP_LIST is: [Ledu.csus.ecs.pc2.core.model.Group; [Ledu.csus.ecs.pc2.core.model.Group;@1a87ce44
221009 130334.363|INFO|Thread-57|dumpPacket|   key: SERVER_CLOCK_OFFSET is: java.util.GregorianCalendar java.util.GregorianCalendar[time=1665313413880,areFieldsSet=true,areAllFieldsSet=false,lenient=true,zone=sun.util.calendar.ZoneInfo[id="GMT",offset=0,dstSavings=0,useDaylight=false,transitions=0,lastRule=null],firstDayOfWeek=1,minimalDaysInFirstWeek=1,ERA=1,YEAR=2022,MONTH=9,WEEK_OF_YEAR=42,WEEK_OF_MONTH=3,DAY_OF_MONTH=9,DAY_OF_YEAR=282,DAY_OF_WEEK=1,DAY_OF_WEEK_IN_MONTH=2,AM_PM=0,HOUR=11,HOUR_OF_DAY=11,MINUTE=3,SECOND=33,MILLISECOND=880,ZONE_OFFSET=0,DST_OFFSET=0]
221009 130334.363|INFO|Thread-57|dumpPacket|   key: CONTEST_IDENTIFIER is: java.lang.String Default--6269634638092490708
221009 130334.363|INFO|Thread-57|dumpPacket|   key: BALLOON_SETTINGS_LIST is: [Ledu.csus.ecs.pc2.core.model.BalloonSettings; [Ledu.csus.ecs.pc2.core.model.BalloonSettings;@61a0ab5b
221009 130334.363|INFO|Thread-57|dumpPacket|   key: RUN_LIST is: [Ledu.csus.ecs.pc2.core.model.Run; [Ledu.csus.ecs.pc2.core.model.Run;@24bea5b4
221009 130334.363|INFO|Thread-57|dumpPacket|   key: ACCOUNT_ARRAY is: [Ledu.csus.ecs.pc2.core.model.Account; [Ledu.csus.ecs.pc2.core.model.Account;@62e6fd43
221009 130334.376|WARNING|Thread-57|logWarning|Exception in adding login to model 
|java.lang.IllegalArgumentException: LoginList.add() called with null ConnectionHandlerID in ClientId ADMINISTRATOR1 @ site 1
|    at edu.csus.ecs.pc2.core.list.LoginList.add (LoginList.java:108)
|    at edu.csus.ecs.pc2.core.model.InternalContest.addLocalLogin (InternalContest.java:667)
|    at edu.csus.ecs.pc2.core.ContestLoader.addLoginsToModel (ContestLoader.java:481)
|    at edu.csus.ecs.pc2.core.ContestLoader.loadDataIntoModel (ContestLoader.java:1026)
|    at edu.csus.ecs.pc2.core.PacketHandler.loginSuccess (PacketHandler.java:2109)
|    at edu.csus.ecs.pc2.core.PacketHandler.handleOtherPacketTypes (PacketHandler.java:370)
|    at edu.csus.ecs.pc2.core.PacketHandler.handlePacket (PacketHandler.java:267)
|    at edu.csus.ecs.pc2.core.InternalController.receiveObject (InternalController.java:2441)
|    at edu.csus.ecs.pc2.core.transport.TransportManager$2.run (TransportManager.java:343)
|    at java.lang.Thread.run (Thread.java:834)
221009 130334.392|WARNING|Thread-57|logWarning|Exception in adding login to model 
|java.lang.IllegalArgumentException: LoginList.add() called with null ConnectionHandlerID in ClientId TEAM1 @ site 1
|    at edu.csus.ecs.pc2.core.list.LoginList.add (LoginList.java:108)
|    at edu.csus.ecs.pc2.core.model.InternalContest.addLocalLogin (InternalContest.java:667)
|    at edu.csus.ecs.pc2.core.ContestLoader.addLoginsToModel (ContestLoader.java:481)
|    at edu.csus.ecs.pc2.core.ContestLoader.loadDataIntoModel (ContestLoader.java:1026)
|    at edu.csus.ecs.pc2.core.PacketHandler.loginSuccess (PacketHandler.java:2109)
|    at edu.csus.ecs.pc2.core.PacketHandler.handleOtherPacketTypes (PacketHandler.java:370)
|    at edu.csus.ecs.pc2.core.PacketHandler.handlePacket (PacketHandler.java:267)
|    at edu.csus.ecs.pc2.core.InternalController.receiveObject (InternalController.java:2441)
|    at edu.csus.ecs.pc2.core.transport.TransportManager$2.run (TransportManager.java:343)
|    at java.lang.Thread.run (Thread.java:834)
221009 130410.629|INFO|Thread-55|connectionDropped|connectionDropped(ConnectionHandlerID myConnectionID) 
