221009 002007.866|CONFIG|qtp657736958-21|setFileHandlers|Now logging to C:\xampp\htdocs\WebTeamInterface-1.1\logs directory.
221009 002007.866|INFO|qtp657736958-21|info|
221009 002007.868|INFO|qtp657736958-21|info|Version 9 () Java ver 11.0.2 build  Windows 10 10.0 (amd64) 
221009 002007.868|INFO|qtp657736958-21|info|Login: team1 (aka team1)
221009 002007.868|INFO|qtp657736958-21|startLog|Working directory is C:\xampp\htdocs\WebTeamInterface-1.1
221009 002007.868|INFO|qtp657736958-21|startLog|Process id is 15640@DESKTOP-GE25NLQ
221009 002007.868|INFO|qtp657736958-21|info|Contacting server at 34.204.53.97:50002 as TEAM1 @ site 0
221009 002007.870|INFO|qtp657736958-21|info|sendLoginRequest start - sending from TEAM1 @ site 0
221009 002007.870|INFO|qtp657736958-21|sendToLocalServer|Sending packet to server Packet[LOGIN_REQUEST] #3 TEAM1 @ site 0 -> SERVER0 @ site 0
221009 002007.870|INFO|qtp657736958-21|sendToLocalServer|Sent    packet to server Packet[LOGIN_REQUEST] #3 TEAM1 @ site 0 -> SERVER0 @ site 0
221009 002007.871|INFO|qtp657736958-21|info|sendLoginRequest end - packet sent.
221009 002007.870|INFO|Thread-27|run|send(Serializable)
221009 002008.119|INFO|Thread-26|receiveUnencrypted|receiveUnencrypted(TransportWrapper, ConnectionHandlerID=Socket[addr=/34.204.53.97,port=50002,localport=62674]-7845106207220931689)
221009 002008.121|INFO|Thread-26|receiveUnencrypted|receiveUnencrypted Made a secret key for Socket[addr=/34.204.53.97,port=50002,localport=62674]-7845106207220931689 key is com.sun.crypto.provider.DESKey@fffe7bf3
221009 002008.121|INFO|Thread-26|getPublicKeyPacket|Generating Unencrypted Public Key Packet
221009 002008.122|INFO|Thread-26|getPublicKeyPacket|checking key:= SunJCE Diffie-Hellman Public Key:
y:
    f03d7294 43d7303b 43ef8d5c 91c29a06 ccc613f3 af7e4166 b2d26b29 f26fe5e8
    41d4887c 55f89fff 5fbecb96 f7c84b36 2e8b9941 58849f3e 6469d94e 9b81ea67
    db3b0988 d3569daf 1200c35c 22652252 db8ef657 3e2733ed c28cb2a9 1f307f25
    7ae074a5 0daddd19 c7fcc92b e15d988b bad327eb 64e34c43 5901ddc7 80456dca
p:
    f488fd58 4e49dbcd 20b49de4 9107366b 336c380d 451d0f7c 88b31c7c 5b2d8ef6
    f3c923c0 43f0a55b 188d8ebb 558cb85d 38d334fd 7c175743 a31d186c de33212c
    b52aff3c e1b12940 18118d7c 84a70a72 d686c403 19c80729 7aca950c d9969fab
    d00a509b 0246d308 3d66a45d 419f9c7c bd894b22 1926baab a25ec355 e92f78c7
g:
    02
l:
    512
221009 002008.122|INFO|Thread-26|getPublicKeyPacket|packet:= edu.csus.ecs.pc2.core.transport.TransportWrapper@3cf8372d
221009 002008.519|INFO|Thread-26|receive|public void receive(SealedObject TransportPacket, ConnectionHandlerID connectionHandlerID)
221009 002008.528|INFO|Thread-28|info| receiveObject(S) start got Packet[LOGIN_SUCCESS] #28 SERVER0 @ site 1 -> TEAM1 @ site 1
221009 002008.529|INFO|Thread-28|dumpPacket|Packet LOGIN_SUCCESS (Seq #28, o#28 ) recieveObject
221009 002008.529|INFO|Thread-28|dumpPacket|  From: SERVER0 @ site 1, oSERVER0 @ site 1 (ip-172-31-31-35 @ 172.31.31.35) (Contest Id: Default-1028278139982388545)
221009 002008.529|INFO|Thread-28|dumpPacket|    To: TEAM1 @ site 1
221009 002008.530|INFO|Thread-28|dumpPacket|   key: PROFILE_LIST is: [Ledu.csus.ecs.pc2.core.model.Profile; [Ledu.csus.ecs.pc2.core.model.Profile;@7d123cb6
221009 002008.530|INFO|Thread-28|dumpPacket|   key: GENERAL_PROBLEM is: edu.csus.ecs.pc2.core.model.Problem General
221009 002008.530|INFO|Thread-28|dumpPacket|   key: CONTEST_TIME is: edu.csus.ecs.pc2.core.model.ContestTime edu.csus.ecs.pc2.core.model.ContestTime@73d5cd64
221009 002008.530|INFO|Thread-28|dumpPacket|   key: CLIENT_SETTINGS_LIST is: [Ledu.csus.ecs.pc2.core.model.ClientSettings; [Ledu.csus.ecs.pc2.core.model.ClientSettings;@77ea57c6
221009 002008.530|INFO|Thread-28|dumpPacket|   key: CLARIFICATION_LIST is: [Ledu.csus.ecs.pc2.core.model.Clarification; [Ledu.csus.ecs.pc2.core.model.Clarification;@32e8c75f
221009 002008.531|INFO|Thread-28|dumpPacket|   key: CATEGORY_LIST is: [Ledu.csus.ecs.pc2.core.model.Category; [Ledu.csus.ecs.pc2.core.model.Category;@5ef3aa38
221009 002008.531|INFO|Thread-28|dumpPacket|   key: LANGUAGE_LIST is: [Ledu.csus.ecs.pc2.core.model.Language; [Ledu.csus.ecs.pc2.core.model.Language;@310f26f
221009 002008.531|INFO|Thread-28|dumpPacket|   key: REMOTE_LOGGED_IN_USERS is: [Ledu.csus.ecs.pc2.core.model.ClientId; [Ledu.csus.ecs.pc2.core.model.ClientId;@26e1c1ac
221009 002008.531|INFO|Thread-28|dumpPacket|   key: CONTEST_TIME_LIST is: [Ledu.csus.ecs.pc2.core.model.ContestTime; [Ledu.csus.ecs.pc2.core.model.ContestTime;@52c73810
221009 002008.532|INFO|Thread-28|dumpPacket|   key: CONNECTION_HANDLE_ID_LIST is: [Ledu.csus.ecs.pc2.core.transport.ConnectionHandlerID; [Ledu.csus.ecs.pc2.core.transport.ConnectionHandlerID;@11a6fa1a
221009 002008.532|INFO|Thread-28|dumpPacket|   key: PROFILE is: edu.csus.ecs.pc2.core.model.Profile Default-1028278139982388545
221009 002008.532|INFO|Thread-28|dumpPacket|   key: CLIENT_ID is: edu.csus.ecs.pc2.core.model.ClientId TEAM1 @ site 1
221009 002008.532|INFO|Thread-28|dumpPacket|   key: SITE_NUMBER is: java.lang.Integer 1
221009 002008.532|INFO|Thread-28|dumpPacket|   key: CONTEST_INFORMATION is: edu.csus.ecs.pc2.core.model.ContestInformation edu.csus.ecs.pc2.core.model.ContestInformation@15a1e1cb
221009 002008.533|INFO|Thread-28|dumpPacket|   key: SITE_LIST is: [Ledu.csus.ecs.pc2.core.model.Site; [Ledu.csus.ecs.pc2.core.model.Site;@3de5ae72
221009 002008.533|INFO|Thread-28|dumpPacket|   key: PROBLEM_DATA_FILES is: [Ledu.csus.ecs.pc2.core.model.ProblemDataFiles; [Ledu.csus.ecs.pc2.core.model.ProblemDataFiles;@56890666
221009 002008.533|INFO|Thread-28|dumpPacket|   key: PROBLEM_LIST is: [Ledu.csus.ecs.pc2.core.model.Problem; [Ledu.csus.ecs.pc2.core.model.Problem;@70594087
221009 002008.533|INFO|Thread-28|dumpPacket|   key: JUDGEMENT_LIST is: [Ledu.csus.ecs.pc2.core.model.Judgement; [Ledu.csus.ecs.pc2.core.model.Judgement;@6aec58fe
221009 002008.533|INFO|Thread-28|dumpPacket|   key: LOCAL_LOGGED_IN_USERS is: [Ledu.csus.ecs.pc2.core.model.ClientId; [Ledu.csus.ecs.pc2.core.model.ClientId;@7aeafdef
221009 002008.534|INFO|Thread-28|dumpPacket|   key: GROUP_LIST is: [Ledu.csus.ecs.pc2.core.model.Group; [Ledu.csus.ecs.pc2.core.model.Group;@64ce6ee2
221009 002008.534|INFO|Thread-28|dumpPacket|   key: SERVER_CLOCK_OFFSET is: java.util.GregorianCalendar java.util.GregorianCalendar[time=1665267607987,areFieldsSet=true,areAllFieldsSet=false,lenient=true,zone=sun.util.calendar.ZoneInfo[id="GMT",offset=0,dstSavings=0,useDaylight=false,transitions=0,lastRule=null],firstDayOfWeek=1,minimalDaysInFirstWeek=1,ERA=1,YEAR=2022,MONTH=9,WEEK_OF_YEAR=41,WEEK_OF_MONTH=2,DAY_OF_MONTH=8,DAY_OF_YEAR=281,DAY_OF_WEEK=7,DAY_OF_WEEK_IN_MONTH=2,AM_PM=1,HOUR=10,HOUR_OF_DAY=22,MINUTE=20,SECOND=7,MILLISECOND=987,ZONE_OFFSET=0,DST_OFFSET=0]
221009 002008.534|INFO|Thread-28|dumpPacket|   key: CONTEST_IDENTIFIER is: java.lang.String Default-1028278139982388545
221009 002008.534|INFO|Thread-28|dumpPacket|   key: BALLOON_SETTINGS_LIST is: [Ledu.csus.ecs.pc2.core.model.BalloonSettings; [Ledu.csus.ecs.pc2.core.model.BalloonSettings;@5e294784
221009 002008.535|INFO|Thread-28|dumpPacket|   key: RUN_LIST is: [Ledu.csus.ecs.pc2.core.model.Run; [Ledu.csus.ecs.pc2.core.model.Run;@560adf17
221009 002008.535|INFO|Thread-28|dumpPacket|   key: ACCOUNT_ARRAY is: [Ledu.csus.ecs.pc2.core.model.Account; [Ledu.csus.ecs.pc2.core.model.Account;@7ba245bc
221009 002008.535|INFO|Thread-28|info|handlePacket start Packet[LOGIN_SUCCESS] #28 SERVER0 @ site 1 -> TEAM1 @ site 1
221009 002008.535|INFO|Thread-28|dumpPacket|Packet LOGIN_SUCCESS (Seq #28, o#28 ) handlePacket
221009 002008.535|INFO|Thread-28|dumpPacket|  From: SERVER0 @ site 1, oSERVER0 @ site 1 (ip-172-31-31-35 @ 172.31.31.35) (Contest Id: Default-1028278139982388545)
221009 002008.536|INFO|Thread-28|dumpPacket|    To: TEAM1 @ site 1
221009 002008.536|INFO|Thread-28|dumpPacket|   key: PROFILE_LIST is: [Ledu.csus.ecs.pc2.core.model.Profile; [Ledu.csus.ecs.pc2.core.model.Profile;@7d123cb6
221009 002008.536|INFO|Thread-28|dumpPacket|   key: GENERAL_PROBLEM is: edu.csus.ecs.pc2.core.model.Problem General
221009 002008.536|INFO|Thread-28|dumpPacket|   key: CONTEST_TIME is: edu.csus.ecs.pc2.core.model.ContestTime edu.csus.ecs.pc2.core.model.ContestTime@73d5cd64
221009 002008.536|INFO|Thread-28|dumpPacket|   key: CLIENT_SETTINGS_LIST is: [Ledu.csus.ecs.pc2.core.model.ClientSettings; [Ledu.csus.ecs.pc2.core.model.ClientSettings;@77ea57c6
221009 002008.536|INFO|Thread-28|dumpPacket|   key: CLARIFICATION_LIST is: [Ledu.csus.ecs.pc2.core.model.Clarification; [Ledu.csus.ecs.pc2.core.model.Clarification;@32e8c75f
221009 002008.537|INFO|Thread-28|dumpPacket|   key: CATEGORY_LIST is: [Ledu.csus.ecs.pc2.core.model.Category; [Ledu.csus.ecs.pc2.core.model.Category;@5ef3aa38
221009 002008.537|INFO|Thread-28|dumpPacket|   key: LANGUAGE_LIST is: [Ledu.csus.ecs.pc2.core.model.Language; [Ledu.csus.ecs.pc2.core.model.Language;@310f26f
221009 002008.537|INFO|Thread-28|dumpPacket|   key: REMOTE_LOGGED_IN_USERS is: [Ledu.csus.ecs.pc2.core.model.ClientId; [Ledu.csus.ecs.pc2.core.model.ClientId;@26e1c1ac
221009 002008.537|INFO|Thread-28|dumpPacket|   key: CONTEST_TIME_LIST is: [Ledu.csus.ecs.pc2.core.model.ContestTime; [Ledu.csus.ecs.pc2.core.model.ContestTime;@52c73810
221009 002008.538|INFO|Thread-28|dumpPacket|   key: CONNECTION_HANDLE_ID_LIST is: [Ledu.csus.ecs.pc2.core.transport.ConnectionHandlerID; [Ledu.csus.ecs.pc2.core.transport.ConnectionHandlerID;@11a6fa1a
221009 002008.538|INFO|Thread-28|dumpPacket|   key: PROFILE is: edu.csus.ecs.pc2.core.model.Profile Default-1028278139982388545
221009 002008.538|INFO|Thread-28|dumpPacket|   key: CLIENT_ID is: edu.csus.ecs.pc2.core.model.ClientId TEAM1 @ site 1
221009 002008.538|INFO|Thread-28|dumpPacket|   key: SITE_NUMBER is: java.lang.Integer 1
221009 002008.538|INFO|Thread-28|dumpPacket|   key: CONTEST_INFORMATION is: edu.csus.ecs.pc2.core.model.ContestInformation edu.csus.ecs.pc2.core.model.ContestInformation@15a1e1cb
221009 002008.539|INFO|Thread-28|dumpPacket|   key: SITE_LIST is: [Ledu.csus.ecs.pc2.core.model.Site; [Ledu.csus.ecs.pc2.core.model.Site;@3de5ae72
221009 002008.539|INFO|Thread-28|dumpPacket|   key: PROBLEM_DATA_FILES is: [Ledu.csus.ecs.pc2.core.model.ProblemDataFiles; [Ledu.csus.ecs.pc2.core.model.ProblemDataFiles;@56890666
221009 002008.539|INFO|Thread-28|dumpPacket|   key: PROBLEM_LIST is: [Ledu.csus.ecs.pc2.core.model.Problem; [Ledu.csus.ecs.pc2.core.model.Problem;@70594087
221009 002008.539|INFO|Thread-28|dumpPacket|   key: JUDGEMENT_LIST is: [Ledu.csus.ecs.pc2.core.model.Judgement; [Ledu.csus.ecs.pc2.core.model.Judgement;@6aec58fe
221009 002008.539|INFO|Thread-28|dumpPacket|   key: LOCAL_LOGGED_IN_USERS is: [Ledu.csus.ecs.pc2.core.model.ClientId; [Ledu.csus.ecs.pc2.core.model.ClientId;@7aeafdef
221009 002008.539|INFO|Thread-28|dumpPacket|   key: GROUP_LIST is: [Ledu.csus.ecs.pc2.core.model.Group; [Ledu.csus.ecs.pc2.core.model.Group;@64ce6ee2
221009 002008.540|INFO|Thread-28|dumpPacket|   key: SERVER_CLOCK_OFFSET is: java.util.GregorianCalendar java.util.GregorianCalendar[time=1665267607987,areFieldsSet=true,areAllFieldsSet=false,lenient=true,zone=sun.util.calendar.ZoneInfo[id="GMT",offset=0,dstSavings=0,useDaylight=false,transitions=0,lastRule=null],firstDayOfWeek=1,minimalDaysInFirstWeek=1,ERA=1,YEAR=2022,MONTH=9,WEEK_OF_YEAR=41,WEEK_OF_MONTH=2,DAY_OF_MONTH=8,DAY_OF_YEAR=281,DAY_OF_WEEK=7,DAY_OF_WEEK_IN_MONTH=2,AM_PM=1,HOUR=10,HOUR_OF_DAY=22,MINUTE=20,SECOND=7,MILLISECOND=987,ZONE_OFFSET=0,DST_OFFSET=0]
221009 002008.540|INFO|Thread-28|dumpPacket|   key: CONTEST_IDENTIFIER is: java.lang.String Default-1028278139982388545
221009 002008.540|INFO|Thread-28|dumpPacket|   key: BALLOON_SETTINGS_LIST is: [Ledu.csus.ecs.pc2.core.model.BalloonSettings; [Ledu.csus.ecs.pc2.core.model.BalloonSettings;@5e294784
221009 002008.540|INFO|Thread-28|dumpPacket|   key: RUN_LIST is: [Ledu.csus.ecs.pc2.core.model.Run; [Ledu.csus.ecs.pc2.core.model.Run;@560adf17
221009 002008.540|INFO|Thread-28|dumpPacket|   key: ACCOUNT_ARRAY is: [Ledu.csus.ecs.pc2.core.model.Account; [Ledu.csus.ecs.pc2.core.model.Account;@7ba245bc
221009 002008.544|WARNING|Thread-28|logWarning|Exception in adding login to model 
|java.lang.IllegalArgumentException: LoginList.add() called with null ConnectionHandlerID in ClientId ADMINISTRATOR1 @ site 1
|    at edu.csus.ecs.pc2.core.list.LoginList.add (LoginList.java:108)
|    at edu.csus.ecs.pc2.core.model.InternalContest.addLocalLogin (InternalContest.java:667)
|    at edu.csus.ecs.pc2.core.ContestLoader.addLoginsToModel (ContestLoader.java:481)
|    at edu.csus.ecs.pc2.core.ContestLoader.loadDataIntoModel (ContestLoader.java:1026)
|    at edu.csus.ecs.pc2.core.PacketHandler.loginSuccess (PacketHandler.java:2109)
|    at edu.csus.ecs.pc2.core.PacketHandler.handleOtherPacketTypes (PacketHandler.java:370)
|    at edu.csus.ecs.pc2.core.PacketHandler.handlePacket (PacketHandler.java:267)
|    at edu.csus.ecs.pc2.core.InternalController.receiveObject (InternalController.java:2441)
|    at edu.csus.ecs.pc2.core.transport.TransportManager$2.run (TransportManager.java:343)
|    at java.lang.Thread.run (Thread.java:834)
221009 002008.547|WARNING|Thread-28|logWarning|Exception in adding login to model 
|java.lang.IllegalArgumentException: LoginList.add() called with null ConnectionHandlerID in ClientId TEAM1 @ site 1
|    at edu.csus.ecs.pc2.core.list.LoginList.add (LoginList.java:108)
|    at edu.csus.ecs.pc2.core.model.InternalContest.addLocalLogin (InternalContest.java:667)
|    at edu.csus.ecs.pc2.core.ContestLoader.addLoginsToModel (ContestLoader.java:481)
|    at edu.csus.ecs.pc2.core.ContestLoader.loadDataIntoModel (ContestLoader.java:1026)
|    at edu.csus.ecs.pc2.core.PacketHandler.loginSuccess (PacketHandler.java:2109)
|    at edu.csus.ecs.pc2.core.PacketHandler.handleOtherPacketTypes (PacketHandler.java:370)
|    at edu.csus.ecs.pc2.core.PacketHandler.handlePacket (PacketHandler.java:267)
|    at edu.csus.ecs.pc2.core.InternalController.receiveObject (InternalController.java:2441)
|    at edu.csus.ecs.pc2.core.transport.TransportManager$2.run (TransportManager.java:343)
|    at java.lang.Thread.run (Thread.java:834)
221009 002008.551|WARNING|Thread-28|logWarning|Exception in adding login to model 
|java.lang.IllegalArgumentException: LoginList.add() called with null ConnectionHandlerID in ClientId JUDGE1 @ site 1
|    at edu.csus.ecs.pc2.core.list.LoginList.add (LoginList.java:108)
|    at edu.csus.ecs.pc2.core.model.InternalContest.addLocalLogin (InternalContest.java:667)
|    at edu.csus.ecs.pc2.core.ContestLoader.addLoginsToModel (ContestLoader.java:481)
|    at edu.csus.ecs.pc2.core.ContestLoader.loadDataIntoModel (ContestLoader.java:1026)
|    at edu.csus.ecs.pc2.core.PacketHandler.loginSuccess (PacketHandler.java:2109)
|    at edu.csus.ecs.pc2.core.PacketHandler.handleOtherPacketTypes (PacketHandler.java:370)
|    at edu.csus.ecs.pc2.core.PacketHandler.handlePacket (PacketHandler.java:267)
|    at edu.csus.ecs.pc2.core.InternalController.receiveObject (InternalController.java:2441)
|    at edu.csus.ecs.pc2.core.transport.TransportManager$2.run (TransportManager.java:343)
|    at java.lang.Thread.run (Thread.java:834)
221009 004019.480|INFO|Thread-48|run|send(Serializable)
221009 004019.707|INFO|Thread-26|connectionDropped|connectionDropped(ConnectionHandlerID myConnectionID) 
221009 032723.249|CONFIG|qtp1683662486-25|setFileHandlers|Now logging to C:\xampp\htdocs\WebTeamInterface-1.1\logs directory.
221009 032723.297|INFO|qtp1683662486-25|info|
221009 032723.299|INFO|qtp1683662486-25|info|Version 9 () Java ver 11.0.2 build  Windows 10 10.0 (amd64) 
221009 032723.300|INFO|qtp1683662486-25|info|Login: team1 (aka team1)
221009 032723.300|INFO|qtp1683662486-25|startLog|Working directory is C:\xampp\htdocs\WebTeamInterface-1.1
221009 032723.301|INFO|qtp1683662486-25|startLog|Process id is 16464@DESKTOP-GE25NLQ
221009 032723.303|INFO|qtp1683662486-25|info|Contacting server at 34.204.53.97:50002 as TEAM1 @ site 0
221009 032723.304|INFO|qtp1683662486-25|info|sendLoginRequest start - sending from TEAM1 @ site 0
221009 032723.304|INFO|qtp1683662486-25|sendToLocalServer|Sending packet to server Packet[LOGIN_REQUEST] #3 TEAM1 @ site 0 -> SERVER0 @ site 0
221009 032723.304|INFO|qtp1683662486-25|sendToLocalServer|Sent    packet to server Packet[LOGIN_REQUEST] #3 TEAM1 @ site 0 -> SERVER0 @ site 0
221009 032723.304|INFO|Thread-23|run|send(Serializable)
221009 032723.304|INFO|qtp1683662486-25|info|sendLoginRequest end - packet sent.
221009 032723.600|INFO|Thread-22|receiveUnencrypted|receiveUnencrypted(TransportWrapper, ConnectionHandlerID=Socket[addr=/34.204.53.97,port=50002,localport=49372]--4474202739905149952)
221009 032723.601|INFO|Thread-22|receiveUnencrypted|receiveUnencrypted Made a secret key for Socket[addr=/34.204.53.97,port=50002,localport=49372]--4474202739905149952 key is com.sun.crypto.provider.DESKey@18129
221009 032723.601|INFO|Thread-22|getPublicKeyPacket|Generating Unencrypted Public Key Packet
221009 032723.601|INFO|Thread-22|getPublicKeyPacket|checking key:= SunJCE Diffie-Hellman Public Key:
y:
    c8739ee3 42ab2e17 8dd586b7 93ddba83 92858286 31e6841f ac827792 18a160ad
    06f8ff8c 19c176b3 22b1adb3 ea4fcab2 713a8c8c cb024989 d62da7cb 89254572
    3e99cba6 cedf3465 ad0579fe d26b10d2 769dcf91 81212ace cd13f58c 065a295d
    0cd47d60 8e31820e bce61151 c3aeb119 e43073c4 e2f6b719 210be113 9ce4cdb5
p:
    f488fd58 4e49dbcd 20b49de4 9107366b 336c380d 451d0f7c 88b31c7c 5b2d8ef6
    f3c923c0 43f0a55b 188d8ebb 558cb85d 38d334fd 7c175743 a31d186c de33212c
    b52aff3c e1b12940 18118d7c 84a70a72 d686c403 19c80729 7aca950c d9969fab
    d00a509b 0246d308 3d66a45d 419f9c7c bd894b22 1926baab a25ec355 e92f78c7
g:
    02
l:
    512
221009 032723.601|INFO|Thread-22|getPublicKeyPacket|packet:= edu.csus.ecs.pc2.core.transport.TransportWrapper@529df837
221009 032724.020|INFO|Thread-22|receive|public void receive(SealedObject TransportPacket, ConnectionHandlerID connectionHandlerID)
221009 032724.042|INFO|Thread-24|info| receiveObject(S) start got Packet[LOGIN_SUCCESS] #56 SERVER0 @ site 1 -> TEAM1 @ site 1
221009 032724.042|INFO|Thread-24|dumpPacket|Packet LOGIN_SUCCESS (Seq #56, o#56 ) recieveObject
221009 032724.042|INFO|Thread-24|dumpPacket|  From: SERVER0 @ site 1, oSERVER0 @ site 1 (ip-172-31-31-35 @ 172.31.31.35) (Contest Id: Default-1028278139982388545)
221009 032724.042|INFO|Thread-24|dumpPacket|    To: TEAM1 @ site 1
221009 032724.042|INFO|Thread-24|dumpPacket|   key: PROFILE_LIST is: [Ledu.csus.ecs.pc2.core.model.Profile; [Ledu.csus.ecs.pc2.core.model.Profile;@3f371be5
221009 032724.042|INFO|Thread-24|dumpPacket|   key: GENERAL_PROBLEM is: edu.csus.ecs.pc2.core.model.Problem General
221009 032724.042|INFO|Thread-24|dumpPacket|   key: CONTEST_TIME is: edu.csus.ecs.pc2.core.model.ContestTime edu.csus.ecs.pc2.core.model.ContestTime@31f0e273
221009 032724.042|INFO|Thread-24|dumpPacket|   key: CLIENT_SETTINGS_LIST is: [Ledu.csus.ecs.pc2.core.model.ClientSettings; [Ledu.csus.ecs.pc2.core.model.ClientSettings;@35cf7095
221009 032724.042|INFO|Thread-24|dumpPacket|   key: CLARIFICATION_LIST is: [Ledu.csus.ecs.pc2.core.model.Clarification; [Ledu.csus.ecs.pc2.core.model.Clarification;@70cde848
221009 032724.042|INFO|Thread-24|dumpPacket|   key: CATEGORY_LIST is: [Ledu.csus.ecs.pc2.core.model.Category; [Ledu.csus.ecs.pc2.core.model.Category;@77a22d87
221009 032724.042|INFO|Thread-24|dumpPacket|   key: LANGUAGE_LIST is: [Ledu.csus.ecs.pc2.core.model.Language; [Ledu.csus.ecs.pc2.core.model.Language;@4177ba7a
221009 032724.042|INFO|Thread-24|dumpPacket|   key: REMOTE_LOGGED_IN_USERS is: [Ledu.csus.ecs.pc2.core.model.ClientId; [Ledu.csus.ecs.pc2.core.model.ClientId;@ff22119
221009 032724.042|INFO|Thread-24|dumpPacket|   key: CONTEST_TIME_LIST is: [Ledu.csus.ecs.pc2.core.model.ContestTime; [Ledu.csus.ecs.pc2.core.model.ContestTime;@10e21707
221009 032724.042|INFO|Thread-24|dumpPacket|   key: CONNECTION_HANDLE_ID_LIST is: [Ledu.csus.ecs.pc2.core.transport.ConnectionHandlerID; [Ledu.csus.ecs.pc2.core.transport.ConnectionHandlerID;@764ace89
221009 032724.042|INFO|Thread-24|dumpPacket|   key: PROFILE is: edu.csus.ecs.pc2.core.model.Profile Default-1028278139982388545
221009 032724.042|INFO|Thread-24|dumpPacket|   key: CLIENT_ID is: edu.csus.ecs.pc2.core.model.ClientId TEAM1 @ site 1
221009 032724.042|INFO|Thread-24|dumpPacket|   key: SITE_NUMBER is: java.lang.Integer 1
221009 032724.042|INFO|Thread-24|dumpPacket|   key: CONTEST_INFORMATION is: edu.csus.ecs.pc2.core.model.ContestInformation edu.csus.ecs.pc2.core.model.ContestInformation@a120e50
221009 032724.057|INFO|Thread-24|dumpPacket|   key: SITE_LIST is: [Ledu.csus.ecs.pc2.core.model.Site; [Ledu.csus.ecs.pc2.core.model.Site;@14f60ce2
221009 032724.057|INFO|Thread-24|dumpPacket|   key: PROBLEM_DATA_FILES is: [Ledu.csus.ecs.pc2.core.model.ProblemDataFiles; [Ledu.csus.ecs.pc2.core.model.ProblemDataFiles;@14ac6b54
221009 032724.057|INFO|Thread-24|dumpPacket|   key: PROBLEM_LIST is: [Ledu.csus.ecs.pc2.core.model.Problem; [Ledu.csus.ecs.pc2.core.model.Problem;@34b2c1ce
221009 032724.057|INFO|Thread-24|dumpPacket|   key: JUDGEMENT_LIST is: [Ledu.csus.ecs.pc2.core.model.Judgement; [Ledu.csus.ecs.pc2.core.model.Judgement;@2ec83986
221009 032724.059|INFO|Thread-24|dumpPacket|   key: LOCAL_LOGGED_IN_USERS is: [Ledu.csus.ecs.pc2.core.model.ClientId; [Ledu.csus.ecs.pc2.core.model.ClientId;@a7da1a1
221009 032724.060|INFO|Thread-24|dumpPacket|   key: GROUP_LIST is: [Ledu.csus.ecs.pc2.core.model.Group; [Ledu.csus.ecs.pc2.core.model.Group;@7d7c8d71
221009 032724.060|INFO|Thread-24|dumpPacket|   key: SERVER_CLOCK_OFFSET is: java.util.GregorianCalendar java.util.GregorianCalendar[time=1665278843504,areFieldsSet=true,areAllFieldsSet=false,lenient=true,zone=sun.util.calendar.ZoneInfo[id="GMT",offset=0,dstSavings=0,useDaylight=false,transitions=0,lastRule=null],firstDayOfWeek=1,minimalDaysInFirstWeek=1,ERA=1,YEAR=2022,MONTH=9,WEEK_OF_YEAR=42,WEEK_OF_MONTH=3,DAY_OF_MONTH=9,DAY_OF_YEAR=282,DAY_OF_WEEK=1,DAY_OF_WEEK_IN_MONTH=2,AM_PM=0,HOUR=1,HOUR_OF_DAY=1,MINUTE=27,SECOND=23,MILLISECOND=504,ZONE_OFFSET=0,DST_OFFSET=0]
221009 032724.060|INFO|Thread-24|dumpPacket|   key: CONTEST_IDENTIFIER is: java.lang.String Default-1028278139982388545
221009 032724.060|INFO|Thread-24|dumpPacket|   key: BALLOON_SETTINGS_LIST is: [Ledu.csus.ecs.pc2.core.model.BalloonSettings; [Ledu.csus.ecs.pc2.core.model.BalloonSettings;@5fe28fa1
221009 032724.060|INFO|Thread-24|dumpPacket|   key: RUN_LIST is: [Ledu.csus.ecs.pc2.core.model.Run; [Ledu.csus.ecs.pc2.core.model.Run;@300989d2
221009 032724.060|INFO|Thread-24|dumpPacket|   key: ACCOUNT_ARRAY is: [Ledu.csus.ecs.pc2.core.model.Account; [Ledu.csus.ecs.pc2.core.model.Account;@571e46db
221009 032724.060|INFO|Thread-24|info|handlePacket start Packet[LOGIN_SUCCESS] #56 SERVER0 @ site 1 -> TEAM1 @ site 1
221009 032724.060|INFO|Thread-24|dumpPacket|Packet LOGIN_SUCCESS (Seq #56, o#56 ) handlePacket
221009 032724.060|INFO|Thread-24|dumpPacket|  From: SERVER0 @ site 1, oSERVER0 @ site 1 (ip-172-31-31-35 @ 172.31.31.35) (Contest Id: Default-1028278139982388545)
221009 032724.060|INFO|Thread-24|dumpPacket|    To: TEAM1 @ site 1
221009 032724.060|INFO|Thread-24|dumpPacket|   key: PROFILE_LIST is: [Ledu.csus.ecs.pc2.core.model.Profile; [Ledu.csus.ecs.pc2.core.model.Profile;@3f371be5
221009 032724.060|INFO|Thread-24|dumpPacket|   key: GENERAL_PROBLEM is: edu.csus.ecs.pc2.core.model.Problem General
221009 032724.060|INFO|Thread-24|dumpPacket|   key: CONTEST_TIME is: edu.csus.ecs.pc2.core.model.ContestTime edu.csus.ecs.pc2.core.model.ContestTime@31f0e273
221009 032724.060|INFO|Thread-24|dumpPacket|   key: CLIENT_SETTINGS_LIST is: [Ledu.csus.ecs.pc2.core.model.ClientSettings; [Ledu.csus.ecs.pc2.core.model.ClientSettings;@35cf7095
221009 032724.060|INFO|Thread-24|dumpPacket|   key: CLARIFICATION_LIST is: [Ledu.csus.ecs.pc2.core.model.Clarification; [Ledu.csus.ecs.pc2.core.model.Clarification;@70cde848
221009 032724.060|INFO|Thread-24|dumpPacket|   key: CATEGORY_LIST is: [Ledu.csus.ecs.pc2.core.model.Category; [Ledu.csus.ecs.pc2.core.model.Category;@77a22d87
221009 032724.060|INFO|Thread-24|dumpPacket|   key: LANGUAGE_LIST is: [Ledu.csus.ecs.pc2.core.model.Language; [Ledu.csus.ecs.pc2.core.model.Language;@4177ba7a
221009 032724.060|INFO|Thread-24|dumpPacket|   key: REMOTE_LOGGED_IN_USERS is: [Ledu.csus.ecs.pc2.core.model.ClientId; [Ledu.csus.ecs.pc2.core.model.ClientId;@ff22119
221009 032724.060|INFO|Thread-24|dumpPacket|   key: CONTEST_TIME_LIST is: [Ledu.csus.ecs.pc2.core.model.ContestTime; [Ledu.csus.ecs.pc2.core.model.ContestTime;@10e21707
221009 032724.060|INFO|Thread-24|dumpPacket|   key: CONNECTION_HANDLE_ID_LIST is: [Ledu.csus.ecs.pc2.core.transport.ConnectionHandlerID; [Ledu.csus.ecs.pc2.core.transport.ConnectionHandlerID;@764ace89
221009 032724.060|INFO|Thread-24|dumpPacket|   key: PROFILE is: edu.csus.ecs.pc2.core.model.Profile Default-1028278139982388545
221009 032724.060|INFO|Thread-24|dumpPacket|   key: CLIENT_ID is: edu.csus.ecs.pc2.core.model.ClientId TEAM1 @ site 1
221009 032724.060|INFO|Thread-24|dumpPacket|   key: SITE_NUMBER is: java.lang.Integer 1
221009 032724.060|INFO|Thread-24|dumpPacket|   key: CONTEST_INFORMATION is: edu.csus.ecs.pc2.core.model.ContestInformation edu.csus.ecs.pc2.core.model.ContestInformation@a120e50
221009 032724.060|INFO|Thread-24|dumpPacket|   key: SITE_LIST is: [Ledu.csus.ecs.pc2.core.model.Site; [Ledu.csus.ecs.pc2.core.model.Site;@14f60ce2
221009 032724.060|INFO|Thread-24|dumpPacket|   key: PROBLEM_DATA_FILES is: [Ledu.csus.ecs.pc2.core.model.ProblemDataFiles; [Ledu.csus.ecs.pc2.core.model.ProblemDataFiles;@14ac6b54
221009 032724.060|INFO|Thread-24|dumpPacket|   key: PROBLEM_LIST is: [Ledu.csus.ecs.pc2.core.model.Problem; [Ledu.csus.ecs.pc2.core.model.Problem;@34b2c1ce
221009 032724.060|INFO|Thread-24|dumpPacket|   key: JUDGEMENT_LIST is: [Ledu.csus.ecs.pc2.core.model.Judgement; [Ledu.csus.ecs.pc2.core.model.Judgement;@2ec83986
221009 032724.076|INFO|Thread-24|dumpPacket|   key: LOCAL_LOGGED_IN_USERS is: [Ledu.csus.ecs.pc2.core.model.ClientId; [Ledu.csus.ecs.pc2.core.model.ClientId;@a7da1a1
221009 032724.078|INFO|Thread-24|dumpPacket|   key: GROUP_LIST is: [Ledu.csus.ecs.pc2.core.model.Group; [Ledu.csus.ecs.pc2.core.model.Group;@7d7c8d71
221009 032724.079|INFO|Thread-24|dumpPacket|   key: SERVER_CLOCK_OFFSET is: java.util.GregorianCalendar java.util.GregorianCalendar[time=1665278843504,areFieldsSet=true,areAllFieldsSet=false,lenient=true,zone=sun.util.calendar.ZoneInfo[id="GMT",offset=0,dstSavings=0,useDaylight=false,transitions=0,lastRule=null],firstDayOfWeek=1,minimalDaysInFirstWeek=1,ERA=1,YEAR=2022,MONTH=9,WEEK_OF_YEAR=42,WEEK_OF_MONTH=3,DAY_OF_MONTH=9,DAY_OF_YEAR=282,DAY_OF_WEEK=1,DAY_OF_WEEK_IN_MONTH=2,AM_PM=0,HOUR=1,HOUR_OF_DAY=1,MINUTE=27,SECOND=23,MILLISECOND=504,ZONE_OFFSET=0,DST_OFFSET=0]
221009 032724.080|INFO|Thread-24|dumpPacket|   key: CONTEST_IDENTIFIER is: java.lang.String Default-1028278139982388545
221009 032724.080|INFO|Thread-24|dumpPacket|   key: BALLOON_SETTINGS_LIST is: [Ledu.csus.ecs.pc2.core.model.BalloonSettings; [Ledu.csus.ecs.pc2.core.model.BalloonSettings;@5fe28fa1
221009 032724.080|INFO|Thread-24|dumpPacket|   key: RUN_LIST is: [Ledu.csus.ecs.pc2.core.model.Run; [Ledu.csus.ecs.pc2.core.model.Run;@300989d2
221009 032724.080|INFO|Thread-24|dumpPacket|   key: ACCOUNT_ARRAY is: [Ledu.csus.ecs.pc2.core.model.Account; [Ledu.csus.ecs.pc2.core.model.Account;@571e46db
221009 032724.115|WARNING|Thread-24|logWarning|Exception in adding login to model 
|java.lang.IllegalArgumentException: LoginList.add() called with null ConnectionHandlerID in ClientId ADMINISTRATOR1 @ site 1
|    at edu.csus.ecs.pc2.core.list.LoginList.add (LoginList.java:108)
|    at edu.csus.ecs.pc2.core.model.InternalContest.addLocalLogin (InternalContest.java:667)
|    at edu.csus.ecs.pc2.core.ContestLoader.addLoginsToModel (ContestLoader.java:481)
|    at edu.csus.ecs.pc2.core.ContestLoader.loadDataIntoModel (ContestLoader.java:1026)
|    at edu.csus.ecs.pc2.core.PacketHandler.loginSuccess (PacketHandler.java:2109)
|    at edu.csus.ecs.pc2.core.PacketHandler.handleOtherPacketTypes (PacketHandler.java:370)
|    at edu.csus.ecs.pc2.core.PacketHandler.handlePacket (PacketHandler.java:267)
|    at edu.csus.ecs.pc2.core.InternalController.receiveObject (InternalController.java:2441)
|    at edu.csus.ecs.pc2.core.transport.TransportManager$2.run (TransportManager.java:343)
|    at java.lang.Thread.run (Thread.java:834)
221009 032724.174|WARNING|Thread-24|logWarning|Exception in adding login to model 
|java.lang.IllegalArgumentException: LoginList.add() called with null ConnectionHandlerID in ClientId TEAM1 @ site 1
|    at edu.csus.ecs.pc2.core.list.LoginList.add (LoginList.java:108)
|    at edu.csus.ecs.pc2.core.model.InternalContest.addLocalLogin (InternalContest.java:667)
|    at edu.csus.ecs.pc2.core.ContestLoader.addLoginsToModel (ContestLoader.java:481)
|    at edu.csus.ecs.pc2.core.ContestLoader.loadDataIntoModel (ContestLoader.java:1026)
|    at edu.csus.ecs.pc2.core.PacketHandler.loginSuccess (PacketHandler.java:2109)
|    at edu.csus.ecs.pc2.core.PacketHandler.handleOtherPacketTypes (PacketHandler.java:370)
|    at edu.csus.ecs.pc2.core.PacketHandler.handlePacket (PacketHandler.java:267)
|    at edu.csus.ecs.pc2.core.InternalController.receiveObject (InternalController.java:2441)
|    at edu.csus.ecs.pc2.core.transport.TransportManager$2.run (TransportManager.java:343)
|    at java.lang.Thread.run (Thread.java:834)
221009 040648.193|INFO|Thread-22|connectionDropped|connectionDropped(ConnectionHandlerID myConnectionID) 
